<?xml version="1.0" encoding="UTF-8"?>
<testsuite xmlns:xsi="http://www.w3.org/2001/XMLSchema-instance" xsi:noNamespaceSchemaLocation="https://maven.apache.org/surefire/maven-surefire-plugin/xsd/surefire-test-report-3.0.xsd" version="3.0" name="com.example.NoLimits.service.VentaServiceTest" time="20.241" tests="7" errors="0" skipped="0" failures="0">
  <properties>
[...]
</properties>
  <testcase name="testFindAll" classname="com.example.NoLimits.service.VentaServiceTest" time="0.005">
    <system-out><![CDATA[2025-08-11T01:12:07.433-04:00  INFO 24444 --- [NoLimits] [           main] t.c.s.AnnotationConfigContextLoaderUtils : Could not detect default configuration classes for test class [com.example.NoLimits.service.VentaServiceTest]: VentaServiceTest does not declare any static, non-private, non-final, nested classes annotated with @Configuration.
2025-08-11T01:12:07.434-04:00  INFO 24444 --- [NoLimits] [           main] .b.t.c.SpringBootTestContextBootstrapper : Found @SpringBootConfiguration com.example.NoLimits.NoLimitsApplication for test class com.example.NoLimits.service.VentaServiceTest
  .   ____          _            __ _ _
 /\\ / ___'_ __ _ _(_)_ __  __ _ \ \ \ \
( ( )\___ | '_ | '_| | '_ \/ _` | \ \ \ \
 \\/  ___)| |_)| | | | | || (_| |  ) ) ) )
  '  |____| .__|_| |_|_| |_\__, | / / / /
 =========|_|==============|___/=/_/_/_/

 :: Spring Boot ::                (v3.3.0)

2025-08-11T01:12:07.458-04:00  INFO 24444 --- [NoLimits] [           main] c.e.NoLimits.service.VentaServiceTest    : Starting VentaServiceTest using Java 23.0.1 with PID 24444 (started by chris in C:\Users\chris\OneDrive\Escritorio\NoLimits)
2025-08-11T01:12:07.458-04:00  INFO 24444 --- [NoLimits] [           main] c.e.NoLimits.service.VentaServiceTest    : The following 1 profile is active: "test"
2025-08-11T01:12:07.663-04:00  INFO 24444 --- [NoLimits] [           main] .s.d.r.c.RepositoryConfigurationDelegate : Bootstrapping Spring Data JPA repositories in DEFAULT mode.
2025-08-11T01:12:07.684-04:00  INFO 24444 --- [NoLimits] [           main] .s.d.r.c.RepositoryConfigurationDelegate : Finished Spring Data repository scanning in 20 ms. Found 7 JPA repository interfaces.
2025-08-11T01:12:07.813-04:00 DEBUG 24444 --- [NoLimits] [           main] j.LocalContainerEntityManagerFactoryBean : Building JPA container EntityManagerFactory for persistence unit 'default'
2025-08-11T01:12:07.813-04:00 DEBUG 24444 --- [NoLimits] [           main] o.hibernate.jpa.internal.util.LogHelper  : PersistenceUnitInfo [
	name: default
	persistence provider classname: null
	classloader: jdk.internal.loader.ClassLoaders$AppClassLoader@70dea4e
	excludeUnlistedClasses: true
	JTA datasource: null
	Non JTA datasource: HikariDataSource (null)
	Transaction type: RESOURCE_LOCAL
	PU root URL: file:/C:/Users/chris/OneDrive/Escritorio/NoLimits/target/test-classes/
	Shared Cache Mode: UNSPECIFIED
	Validation Mode: AUTO
	Jar files URLs []
	Managed classes names [
		com.example.NoLimits.Multimedia.model.DetallePedidoModel
		com.example.NoLimits.Multimedia.model.MetodoPagoModel
		com.example.NoLimits.Multimedia.model.PedidoModel
		com.example.NoLimits.Multimedia.model.ProductoModel
		com.example.NoLimits.Multimedia.model.TipoProductoModel
		com.example.NoLimits.Multimedia.model.UsuarioModel
		com.example.NoLimits.Multimedia.model.VentaModel]
	Mapping files names []
	Properties []
2025-08-11T01:12:07.813-04:00 DEBUG 24444 --- [NoLimits] [           main] o.h.i.internal.IntegratorServiceImpl     : Adding Integrator [org.hibernate.boot.beanvalidation.BeanValidationIntegrator].
2025-08-11T01:12:07.813-04:00 DEBUG 24444 --- [NoLimits] [           main] o.h.i.internal.IntegratorServiceImpl     : Adding Integrator [org.hibernate.cache.internal.CollectionCacheInvalidator].
2025-08-11T01:12:07.816-04:00 DEBUG 24444 --- [NoLimits] [           main] org.hibernate.orm.idgen.factory          : Registering IdentifierGenerator strategy [uuid2] -> [org.hibernate.id.UUIDGenerator]
2025-08-11T01:12:07.816-04:00 DEBUG 24444 --- [NoLimits] [           main] org.hibernate.orm.idgen.factory          : Registering IdentifierGenerator strategy [guid] -> [org.hibernate.id.GUIDGenerator]
2025-08-11T01:12:07.816-04:00 DEBUG 24444 --- [NoLimits] [           main] org.hibernate.orm.idgen.factory          : Registering IdentifierGenerator strategy [uuid] -> [org.hibernate.id.UUIDHexGenerator]
2025-08-11T01:12:07.816-04:00 DEBUG 24444 --- [NoLimits] [           main] org.hibernate.orm.idgen.factory          : Registering IdentifierGenerator strategy [uuid.hex] -> [org.hibernate.id.UUIDHexGenerator]
2025-08-11T01:12:07.816-04:00 DEBUG 24444 --- [NoLimits] [           main] org.hibernate.orm.idgen.factory          : Registering IdentifierGenerator strategy [assigned] -> [org.hibernate.id.Assigned]
2025-08-11T01:12:07.816-04:00 DEBUG 24444 --- [NoLimits] [           main] org.hibernate.orm.idgen.factory          : Registering IdentifierGenerator strategy [identity] -> [org.hibernate.id.IdentityGenerator]
2025-08-11T01:12:07.816-04:00 DEBUG 24444 --- [NoLimits] [           main] org.hibernate.orm.idgen.factory          : Registering IdentifierGenerator strategy [select] -> [org.hibernate.id.SelectGenerator]
2025-08-11T01:12:07.816-04:00 DEBUG 24444 --- [NoLimits] [           main] org.hibernate.orm.idgen.factory          : Registering IdentifierGenerator strategy [sequence] -> [org.hibernate.id.enhanced.SequenceStyleGenerator]
2025-08-11T01:12:07.816-04:00 DEBUG 24444 --- [NoLimits] [           main] org.hibernate.orm.idgen.factory          : Registering IdentifierGenerator strategy [increment] -> [org.hibernate.id.IncrementGenerator]
2025-08-11T01:12:07.816-04:00 DEBUG 24444 --- [NoLimits] [           main] org.hibernate.orm.idgen.factory          : Registering IdentifierGenerator strategy [foreign] -> [org.hibernate.id.ForeignGenerator]
2025-08-11T01:12:07.816-04:00 DEBUG 24444 --- [NoLimits] [           main] org.hibernate.orm.idgen.factory          : Registering IdentifierGenerator strategy [enhanced-sequence] -> [org.hibernate.id.enhanced.SequenceStyleGenerator]
2025-08-11T01:12:07.816-04:00 DEBUG 24444 --- [NoLimits] [           main] org.hibernate.orm.idgen.factory          : Registering IdentifierGenerator strategy [enhanced-table] -> [org.hibernate.id.enhanced.TableGenerator]
2025-08-11T01:12:07.816-04:00 DEBUG 24444 --- [NoLimits] [           main] o.h.c.internal.RegionFactoryInitiator    : Cannot default RegionFactory based on registered strategies as `[]` RegionFactory strategies were registered
2025-08-11T01:12:07.816-04:00  INFO 24444 --- [NoLimits] [           main] o.h.c.internal.RegionFactoryInitiator    : HHH000026: Second-level cache disabled
2025-08-11T01:12:07.817-04:00 DEBUG 24444 --- [NoLimits] [           main] org.hibernate.type.BasicTypeRegistry     : Adding type registration boolean -> org.hibernate.type.BasicTypeReference@575d48db
2025-08-11T01:12:07.817-04:00 DEBUG 24444 --- [NoLimits] [           main] org.hibernate.type.BasicTypeRegistry     : Adding type registration boolean -> org.hibernate.type.BasicTypeReference@575d48db
2025-08-11T01:12:07.817-04:00 DEBUG 24444 --- [NoLimits] [           main] org.hibernate.type.BasicTypeRegistry     : Adding type registration java.lang.Boolean -> org.hibernate.type.BasicTypeReference@575d48db
2025-08-11T01:12:07.817-04:00 DEBUG 24444 --- [NoLimits] [           main] org.hibernate.type.BasicTypeRegistry     : Adding type registration numeric_boolean -> org.hibernate.type.BasicTypeReference@1b36d248
2025-08-11T01:12:07.817-04:00 DEBUG 24444 --- [NoLimits] [           main] org.hibernate.type.BasicTypeRegistry     : Adding type registration org.hibernate.type.NumericBooleanConverter -> org.hibernate.type.BasicTypeReference@1b36d248
2025-08-11T01:12:07.817-04:00 DEBUG 24444 --- [NoLimits] [           main] org.hibernate.type.BasicTypeRegistry     : Adding type registration true_false -> org.hibernate.type.BasicTypeReference@7e94de5f
2025-08-11T01:12:07.817-04:00 DEBUG 24444 --- [NoLimits] [           main] org.hibernate.type.BasicTypeRegistry     : Adding type registration org.hibernate.type.TrueFalseConverter -> org.hibernate.type.BasicTypeReference@7e94de5f
2025-08-11T01:12:07.817-04:00 DEBUG 24444 --- [NoLimits] [           main] org.hibernate.type.BasicTypeRegistry     : Adding type registration yes_no -> org.hibernate.type.BasicTypeReference@499c4d61
2025-08-11T01:12:07.817-04:00 DEBUG 24444 --- [NoLimits] [           main] org.hibernate.type.BasicTypeRegistry     : Adding type registration org.hibernate.type.YesNoConverter -> org.hibernate.type.BasicTypeReference@499c4d61
2025-08-11T01:12:07.817-04:00 DEBUG 24444 --- [NoLimits] [           main] org.hibernate.type.BasicTypeRegistry     : Adding type registration byte -> org.hibernate.type.BasicTypeReference@74badf19
2025-08-11T01:12:07.817-04:00 DEBUG 24444 --- [NoLimits] [           main] org.hibernate.type.BasicTypeRegistry     : Adding type registration byte -> org.hibernate.type.BasicTypeReference@74badf19
2025-08-11T01:12:07.817-04:00 DEBUG 24444 --- [NoLimits] [           main] org.hibernate.type.BasicTypeRegistry     : Adding type registration java.lang.Byte -> org.hibernate.type.BasicTypeReference@74badf19
2025-08-11T01:12:07.817-04:00 DEBUG 24444 --- [NoLimits] [           main] org.hibernate.type.BasicTypeRegistry     : Adding type registration binary -> org.hibernate.type.BasicTypeReference@59b3f754
2025-08-11T01:12:07.817-04:00 DEBUG 24444 --- [NoLimits] [           main] org.hibernate.type.BasicTypeRegistry     : Adding type registration byte[] -> org.hibernate.type.BasicTypeReference@59b3f754
2025-08-11T01:12:07.817-04:00 DEBUG 24444 --- [NoLimits] [           main] org.hibernate.type.BasicTypeRegistry     : Adding type registration [B -> org.hibernate.type.BasicTypeReference@59b3f754
2025-08-11T01:12:07.817-04:00 DEBUG 24444 --- [NoLimits] [           main] org.hibernate.type.BasicTypeRegistry     : Adding type registration binary_wrapper -> org.hibernate.type.BasicTypeReference@18dbc1b
2025-08-11T01:12:07.817-04:00 DEBUG 24444 --- [NoLimits] [           main] org.hibernate.type.BasicTypeRegistry     : Adding type registration wrapper-binary -> org.hibernate.type.BasicTypeReference@18dbc1b
2025-08-11T01:12:07.817-04:00 DEBUG 24444 --- [NoLimits] [           main] org.hibernate.type.BasicTypeRegistry     : Adding type registration image -> org.hibernate.type.BasicTypeReference@2a510e0e
2025-08-11T01:12:07.817-04:00 DEBUG 24444 --- [NoLimits] [           main] org.hibernate.type.BasicTypeRegistry     : Adding type registration blob -> org.hibernate.type.BasicTypeReference@8315e4a
2025-08-11T01:12:07.817-04:00 DEBUG 24444 --- [NoLimits] [           main] org.hibernate.type.BasicTypeRegistry     : Adding type registration java.sql.Blob -> org.hibernate.type.BasicTypeReference@8315e4a
2025-08-11T01:12:07.817-04:00 DEBUG 24444 --- [NoLimits] [           main] org.hibernate.type.BasicTypeRegistry     : Adding type registration materialized_blob -> org.hibernate.type.BasicTypeReference@4efe014f
2025-08-11T01:12:07.817-04:00 DEBUG 24444 --- [NoLimits] [           main] org.hibernate.type.BasicTypeRegistry     : Adding type registration materialized_blob_wrapper -> org.hibernate.type.BasicTypeReference@22ff11ef
2025-08-11T01:12:07.817-04:00 DEBUG 24444 --- [NoLimits] [           main] org.hibernate.type.BasicTypeRegistry     : Adding type registration short -> org.hibernate.type.BasicTypeReference@7c5ac0
2025-08-11T01:12:07.817-04:00 DEBUG 24444 --- [NoLimits] [           main] org.hibernate.type.BasicTypeRegistry     : Adding type registration short -> org.hibernate.type.BasicTypeReference@7c5ac0
2025-08-11T01:12:07.817-04:00 DEBUG 24444 --- [NoLimits] [           main] org.hibernate.type.BasicTypeRegistry     : Adding type registration java.lang.Short -> org.hibernate.type.BasicTypeReference@7c5ac0
2025-08-11T01:12:07.817-04:00 DEBUG 24444 --- [NoLimits] [           main] org.hibernate.type.BasicTypeRegistry     : Adding type registration integer -> org.hibernate.type.BasicTypeReference@23d978b
2025-08-11T01:12:07.817-04:00 DEBUG 24444 --- [NoLimits] [           main] org.hibernate.type.BasicTypeRegistry     : Adding type registration int -> org.hibernate.type.BasicTypeReference@23d978b
2025-08-11T01:12:07.817-04:00 DEBUG 24444 --- [NoLimits] [           main] org.hibernate.type.BasicTypeRegistry     : Adding type registration java.lang.Integer -> org.hibernate.type.BasicTypeReference@23d978b
2025-08-11T01:12:07.817-04:00 DEBUG 24444 --- [NoLimits] [           main] org.hibernate.type.BasicTypeRegistry     : Adding type registration long -> org.hibernate.type.BasicTypeReference@3cf70afa
2025-08-11T01:12:07.817-04:00 DEBUG 24444 --- [NoLimits] [           main] org.hibernate.type.BasicTypeRegistry     : Adding type registration long -> org.hibernate.type.BasicTypeReference@3cf70afa
2025-08-11T01:12:07.817-04:00 DEBUG 24444 --- [NoLimits] [           main] org.hibernate.type.BasicTypeRegistry     : Adding type registration java.lang.Long -> org.hibernate.type.BasicTypeReference@3cf70afa
2025-08-11T01:12:07.817-04:00 DEBUG 24444 --- [NoLimits] [           main] org.hibernate.type.BasicTypeRegistry     : Adding type registration float -> org.hibernate.type.BasicTypeReference@66dd04e2
2025-08-11T01:12:07.817-04:00 DEBUG 24444 --- [NoLimits] [           main] org.hibernate.type.BasicTypeRegistry     : Adding type registration float -> org.hibernate.type.BasicTypeReference@66dd04e2
2025-08-11T01:12:07.817-04:00 DEBUG 24444 --- [NoLimits] [           main] org.hibernate.type.BasicTypeRegistry     : Adding type registration java.lang.Float -> org.hibernate.type.BasicTypeReference@66dd04e2
2025-08-11T01:12:07.817-04:00 DEBUG 24444 --- [NoLimits] [           main] org.hibernate.type.BasicTypeRegistry     : Adding type registration double -> org.hibernate.type.BasicTypeReference@495e8a3
2025-08-11T01:12:07.817-04:00 DEBUG 24444 --- [NoLimits] [           main] org.hibernate.type.BasicTypeRegistry     : Adding type registration double -> org.hibernate.type.BasicTypeReference@495e8a3
2025-08-11T01:12:07.817-04:00 DEBUG 24444 --- [NoLimits] [           main] org.hibernate.type.BasicTypeRegistry     : Adding type registration java.lang.Double -> org.hibernate.type.BasicTypeReference@495e8a3
2025-08-11T01:12:07.817-04:00 DEBUG 24444 --- [NoLimits] [           main] org.hibernate.type.BasicTypeRegistry     : Adding type registration big_integer -> org.hibernate.type.BasicTypeReference@6a7aa675
2025-08-11T01:12:07.817-04:00 DEBUG 24444 --- [NoLimits] [           main] org.hibernate.type.BasicTypeRegistry     : Adding type registration java.math.BigInteger -> org.hibernate.type.BasicTypeReference@6a7aa675
2025-08-11T01:12:07.817-04:00 DEBUG 24444 --- [NoLimits] [           main] org.hibernate.type.BasicTypeRegistry     : Adding type registration big_decimal -> org.hibernate.type.BasicTypeReference@6eded11a
2025-08-11T01:12:07.817-04:00 DEBUG 24444 --- [NoLimits] [           main] org.hibernate.type.BasicTypeRegistry     : Adding type registration java.math.BigDecimal -> org.hibernate.type.BasicTypeReference@6eded11a
2025-08-11T01:12:07.817-04:00 DEBUG 24444 --- [NoLimits] [           main] org.hibernate.type.BasicTypeRegistry     : Adding type registration character -> org.hibernate.type.BasicTypeReference@602a3237
2025-08-11T01:12:07.817-04:00 DEBUG 24444 --- [NoLimits] [           main] org.hibernate.type.BasicTypeRegistry     : Adding type registration char -> org.hibernate.type.BasicTypeReference@602a3237
2025-08-11T01:12:07.817-04:00 DEBUG 24444 --- [NoLimits] [           main] org.hibernate.type.BasicTypeRegistry     : Adding type registration java.lang.Character -> org.hibernate.type.BasicTypeReference@602a3237
2025-08-11T01:12:07.817-04:00 DEBUG 24444 --- [NoLimits] [           main] org.hibernate.type.BasicTypeRegistry     : Adding type registration character_nchar -> org.hibernate.type.BasicTypeReference@4b511e61
2025-08-11T01:12:07.817-04:00 DEBUG 24444 --- [NoLimits] [           main] org.hibernate.type.BasicTypeRegistry     : Adding type registration string -> org.hibernate.type.BasicTypeReference@74a74070
2025-08-11T01:12:07.817-04:00 DEBUG 24444 --- [NoLimits] [           main] org.hibernate.type.BasicTypeRegistry     : Adding type registration java.lang.String -> org.hibernate.type.BasicTypeReference@74a74070
2025-08-11T01:12:07.817-04:00 DEBUG 24444 --- [NoLimits] [           main] org.hibernate.type.BasicTypeRegistry     : Adding type registration nstring -> org.hibernate.type.BasicTypeReference@6c6919ff
2025-08-11T01:12:07.817-04:00 DEBUG 24444 --- [NoLimits] [           main] org.hibernate.type.BasicTypeRegistry     : Adding type registration characters -> org.hibernate.type.BasicTypeReference@5de335cf
2025-08-11T01:12:07.817-04:00 DEBUG 24444 --- [NoLimits] [           main] org.hibernate.type.BasicTypeRegistry     : Adding type registration char[] -> org.hibernate.type.BasicTypeReference@5de335cf
2025-08-11T01:12:07.817-04:00 DEBUG 24444 --- [NoLimits] [           main] org.hibernate.type.BasicTypeRegistry     : Adding type registration [C -> org.hibernate.type.BasicTypeReference@5de335cf
2025-08-11T01:12:07.817-04:00 DEBUG 24444 --- [NoLimits] [           main] org.hibernate.type.BasicTypeRegistry     : Adding type registration wrapper-characters -> org.hibernate.type.BasicTypeReference@1e029a04
2025-08-11T01:12:07.817-04:00 DEBUG 24444 --- [NoLimits] [           main] org.hibernate.type.BasicTypeRegistry     : Adding type registration text -> org.hibernate.type.BasicTypeReference@50e8ed74
2025-08-11T01:12:07.817-04:00 DEBUG 24444 --- [NoLimits] [           main] org.hibernate.type.BasicTypeRegistry     : Adding type registration ntext -> org.hibernate.type.BasicTypeReference@74eab077
2025-08-11T01:12:07.817-04:00 DEBUG 24444 --- [NoLimits] [           main] org.hibernate.type.BasicTypeRegistry     : Adding type registration clob -> org.hibernate.type.BasicTypeReference@3063be68
2025-08-11T01:12:07.817-04:00 DEBUG 24444 --- [NoLimits] [           main] org.hibernate.type.BasicTypeRegistry     : Adding type registration java.sql.Clob -> org.hibernate.type.BasicTypeReference@3063be68
2025-08-11T01:12:07.817-04:00 DEBUG 24444 --- [NoLimits] [           main] org.hibernate.type.BasicTypeRegistry     : Adding type registration nclob -> org.hibernate.type.BasicTypeReference@3a3bc0da
2025-08-11T01:12:07.817-04:00 DEBUG 24444 --- [NoLimits] [           main] org.hibernate.type.BasicTypeRegistry     : Adding type registration java.sql.NClob -> org.hibernate.type.BasicTypeReference@3a3bc0da
2025-08-11T01:12:07.817-04:00 DEBUG 24444 --- [NoLimits] [           main] org.hibernate.type.BasicTypeRegistry     : Adding type registration materialized_clob -> org.hibernate.type.BasicTypeReference@2d2f09a4
2025-08-11T01:12:07.817-04:00 DEBUG 24444 --- [NoLimits] [           main] org.hibernate.type.BasicTypeRegistry     : Adding type registration materialized_clob_char_array -> org.hibernate.type.BasicTypeReference@c677d7e
2025-08-11T01:12:07.817-04:00 DEBUG 24444 --- [NoLimits] [           main] org.hibernate.type.BasicTypeRegistry     : Adding type registration materialized_clob_character_array -> org.hibernate.type.BasicTypeReference@215a0264
2025-08-11T01:12:07.817-04:00 DEBUG 24444 --- [NoLimits] [           main] org.hibernate.type.BasicTypeRegistry     : Adding type registration materialized_nclob -> org.hibernate.type.BasicTypeReference@45832b85
2025-08-11T01:12:07.817-04:00 DEBUG 24444 --- [NoLimits] [           main] org.hibernate.type.BasicTypeRegistry     : Adding type registration materialized_nclob_character_array -> org.hibernate.type.BasicTypeReference@103478b8
2025-08-11T01:12:07.817-04:00 DEBUG 24444 --- [NoLimits] [           main] org.hibernate.type.BasicTypeRegistry     : Adding type registration materialized_nclob_char_array -> org.hibernate.type.BasicTypeReference@270f7b4d
2025-08-11T01:12:07.817-04:00 DEBUG 24444 --- [NoLimits] [           main] org.hibernate.type.BasicTypeRegistry     : Adding type registration Duration -> org.hibernate.type.BasicTypeReference@56b704ea
2025-08-11T01:12:07.817-04:00 DEBUG 24444 --- [NoLimits] [           main] org.hibernate.type.BasicTypeRegistry     : Adding type registration java.time.Duration -> org.hibernate.type.BasicTypeReference@56b704ea
2025-08-11T01:12:07.817-04:00 DEBUG 24444 --- [NoLimits] [           main] org.hibernate.type.BasicTypeRegistry     : Adding type registration LocalDateTime -> org.hibernate.type.BasicTypeReference@ab4d2ba
2025-08-11T01:12:07.817-04:00 DEBUG 24444 --- [NoLimits] [           main] org.hibernate.type.BasicTypeRegistry     : Adding type registration java.time.LocalDateTime -> org.hibernate.type.BasicTypeReference@ab4d2ba
2025-08-11T01:12:07.817-04:00 DEBUG 24444 --- [NoLimits] [           main] org.hibernate.type.BasicTypeRegistry     : Adding type registration LocalDate -> org.hibernate.type.BasicTypeReference@39f68aec
2025-08-11T01:12:07.817-04:00 DEBUG 24444 --- [NoLimits] [           main] org.hibernate.type.BasicTypeRegistry     : Adding type registration java.time.LocalDate -> org.hibernate.type.BasicTypeReference@39f68aec
2025-08-11T01:12:07.817-04:00 DEBUG 24444 --- [NoLimits] [           main] org.hibernate.type.BasicTypeRegistry     : Adding type registration LocalTime -> org.hibernate.type.BasicTypeReference@65ff4b8c
2025-08-11T01:12:07.817-04:00 DEBUG 24444 --- [NoLimits] [           main] org.hibernate.type.BasicTypeRegistry     : Adding type registration java.time.LocalTime -> org.hibernate.type.BasicTypeReference@65ff4b8c
2025-08-11T01:12:07.817-04:00 DEBUG 24444 --- [NoLimits] [           main] org.hibernate.type.BasicTypeRegistry     : Adding type registration OffsetDateTime -> org.hibernate.type.BasicTypeReference@b81938d
2025-08-11T01:12:07.817-04:00 DEBUG 24444 --- [NoLimits] [           main] org.hibernate.type.BasicTypeRegistry     : Adding type registration java.time.OffsetDateTime -> org.hibernate.type.BasicTypeReference@b81938d
2025-08-11T01:12:07.817-04:00 DEBUG 24444 --- [NoLimits] [           main] org.hibernate.type.BasicTypeRegistry     : Adding type registration OffsetDateTimeWithTimezone -> org.hibernate.type.BasicTypeReference@278cb145
2025-08-11T01:12:07.817-04:00 DEBUG 24444 --- [NoLimits] [           main] org.hibernate.type.BasicTypeRegistry     : Adding type registration OffsetDateTimeWithoutTimezone -> org.hibernate.type.BasicTypeReference@2aa0feb2
2025-08-11T01:12:07.817-04:00 DEBUG 24444 --- [NoLimits] [           main] org.hibernate.type.BasicTypeRegistry     : Adding type registration OffsetTime -> org.hibernate.type.BasicTypeReference@351c6341
2025-08-11T01:12:07.817-04:00 DEBUG 24444 --- [NoLimits] [           main] org.hibernate.type.BasicTypeRegistry     : Adding type registration java.time.OffsetTime -> org.hibernate.type.BasicTypeReference@351c6341
2025-08-11T01:12:07.817-04:00 DEBUG 24444 --- [NoLimits] [           main] org.hibernate.type.BasicTypeRegistry     : Adding type registration OffsetTimeUtc -> org.hibernate.type.BasicTypeReference@32069394
2025-08-11T01:12:07.817-04:00 DEBUG 24444 --- [NoLimits] [           main] org.hibernate.type.BasicTypeRegistry     : Adding type registration OffsetTimeWithTimezone -> org.hibernate.type.BasicTypeReference@70421a08
2025-08-11T01:12:07.817-04:00 DEBUG 24444 --- [NoLimits] [           main] org.hibernate.type.BasicTypeRegistry     : Adding type registration OffsetTimeWithoutTimezone -> org.hibernate.type.BasicTypeReference@5dba3fdc
2025-08-11T01:12:07.817-04:00 DEBUG 24444 --- [NoLimits] [           main] org.hibernate.type.BasicTypeRegistry     : Adding type registration ZonedDateTime -> org.hibernate.type.BasicTypeReference@bea5941
2025-08-11T01:12:07.817-04:00 DEBUG 24444 --- [NoLimits] [           main] org.hibernate.type.BasicTypeRegistry     : Adding type registration java.time.ZonedDateTime -> org.hibernate.type.BasicTypeReference@bea5941
2025-08-11T01:12:07.817-04:00 DEBUG 24444 --- [NoLimits] [           main] org.hibernate.type.BasicTypeRegistry     : Adding type registration ZonedDateTimeWithTimezone -> org.hibernate.type.BasicTypeReference@df6f19b
2025-08-11T01:12:07.817-04:00 DEBUG 24444 --- [NoLimits] [           main] org.hibernate.type.BasicTypeRegistry     : Adding type registration ZonedDateTimeWithoutTimezone -> org.hibernate.type.BasicTypeReference@6d842877
2025-08-11T01:12:07.817-04:00 DEBUG 24444 --- [NoLimits] [           main] org.hibernate.type.BasicTypeRegistry     : Adding type registration date -> org.hibernate.type.BasicTypeReference@614cbec4
2025-08-11T01:12:07.817-04:00 DEBUG 24444 --- [NoLimits] [           main] org.hibernate.type.BasicTypeRegistry     : Adding type registration java.sql.Date -> org.hibernate.type.BasicTypeReference@614cbec4
2025-08-11T01:12:07.817-04:00 DEBUG 24444 --- [NoLimits] [           main] org.hibernate.type.BasicTypeRegistry     : Adding type registration time -> org.hibernate.type.BasicTypeReference@3835d3fd
2025-08-11T01:12:07.817-04:00 DEBUG 24444 --- [NoLimits] [           main] org.hibernate.type.BasicTypeRegistry     : Adding type registration java.sql.Time -> org.hibernate.type.BasicTypeReference@3835d3fd
2025-08-11T01:12:07.817-04:00 DEBUG 24444 --- [NoLimits] [           main] org.hibernate.type.BasicTypeRegistry     : Adding type registration timestamp -> org.hibernate.type.BasicTypeReference@2759749
2025-08-11T01:12:07.817-04:00 DEBUG 24444 --- [NoLimits] [           main] org.hibernate.type.BasicTypeRegistry     : Adding type registration java.sql.Timestamp -> org.hibernate.type.BasicTypeReference@2759749
2025-08-11T01:12:07.817-04:00 DEBUG 24444 --- [NoLimits] [           main] org.hibernate.type.BasicTypeRegistry     : Adding type registration java.util.Date -> org.hibernate.type.BasicTypeReference@2759749
2025-08-11T01:12:07.817-04:00 DEBUG 24444 --- [NoLimits] [           main] org.hibernate.type.BasicTypeRegistry     : Adding type registration calendar -> org.hibernate.type.BasicTypeReference@4efed0e0
2025-08-11T01:12:07.817-04:00 DEBUG 24444 --- [NoLimits] [           main] org.hibernate.type.BasicTypeRegistry     : Adding type registration java.util.Calendar -> org.hibernate.type.BasicTypeReference@4efed0e0
2025-08-11T01:12:07.817-04:00 DEBUG 24444 --- [NoLimits] [           main] org.hibernate.type.BasicTypeRegistry     : Adding type registration java.util.GregorianCalendar -> org.hibernate.type.BasicTypeReference@4efed0e0
2025-08-11T01:12:07.817-04:00 DEBUG 24444 --- [NoLimits] [           main] org.hibernate.type.BasicTypeRegistry     : Adding type registration calendar_date -> org.hibernate.type.BasicTypeReference@4ac0ed65
2025-08-11T01:12:07.817-04:00 DEBUG 24444 --- [NoLimits] [           main] org.hibernate.type.BasicTypeRegistry     : Adding type registration calendar_time -> org.hibernate.type.BasicTypeReference@729d6ee2
2025-08-11T01:12:07.817-04:00 DEBUG 24444 --- [NoLimits] [           main] org.hibernate.type.BasicTypeRegistry     : Adding type registration instant -> org.hibernate.type.BasicTypeReference@4adcc981
2025-08-11T01:12:07.817-04:00 DEBUG 24444 --- [NoLimits] [           main] org.hibernate.type.BasicTypeRegistry     : Adding type registration java.time.Instant -> org.hibernate.type.BasicTypeReference@4adcc981
2025-08-11T01:12:07.817-04:00 DEBUG 24444 --- [NoLimits] [           main] org.hibernate.type.BasicTypeRegistry     : Adding type registration uuid -> org.hibernate.type.BasicTypeReference@73aae7a
2025-08-11T01:12:07.817-04:00 DEBUG 24444 --- [NoLimits] [           main] org.hibernate.type.BasicTypeRegistry     : Adding type registration java.util.UUID -> org.hibernate.type.BasicTypeReference@73aae7a
2025-08-11T01:12:07.817-04:00 DEBUG 24444 --- [NoLimits] [           main] org.hibernate.type.BasicTypeRegistry     : Adding type registration pg-uuid -> org.hibernate.type.BasicTypeReference@73aae7a
2025-08-11T01:12:07.817-04:00 DEBUG 24444 --- [NoLimits] [           main] org.hibernate.type.BasicTypeRegistry     : Adding type registration uuid-binary -> org.hibernate.type.BasicTypeReference@3856d0cb
2025-08-11T01:12:07.817-04:00 DEBUG 24444 --- [NoLimits] [           main] org.hibernate.type.BasicTypeRegistry     : Adding type registration uuid-char -> org.hibernate.type.BasicTypeReference@2125535d
2025-08-11T01:12:07.817-04:00 DEBUG 24444 --- [NoLimits] [           main] org.hibernate.type.BasicTypeRegistry     : Adding type registration class -> org.hibernate.type.BasicTypeReference@d190639
2025-08-11T01:12:07.817-04:00 DEBUG 24444 --- [NoLimits] [           main] org.hibernate.type.BasicTypeRegistry     : Adding type registration java.lang.Class -> org.hibernate.type.BasicTypeReference@d190639
2025-08-11T01:12:07.817-04:00 DEBUG 24444 --- [NoLimits] [           main] org.hibernate.type.BasicTypeRegistry     : Adding type registration currency -> org.hibernate.type.BasicTypeReference@5f82209e
2025-08-11T01:12:07.817-04:00 DEBUG 24444 --- [NoLimits] [           main] org.hibernate.type.BasicTypeRegistry     : Adding type registration Currency -> org.hibernate.type.BasicTypeReference@5f82209e
2025-08-11T01:12:07.817-04:00 DEBUG 24444 --- [NoLimits] [           main] org.hibernate.type.BasicTypeRegistry     : Adding type registration java.util.Currency -> org.hibernate.type.BasicTypeReference@5f82209e
2025-08-11T01:12:07.817-04:00 DEBUG 24444 --- [NoLimits] [           main] org.hibernate.type.BasicTypeRegistry     : Adding type registration locale -> org.hibernate.type.BasicTypeReference@515c732d
2025-08-11T01:12:07.817-04:00 DEBUG 24444 --- [NoLimits] [           main] org.hibernate.type.BasicTypeRegistry     : Adding type registration java.util.Locale -> org.hibernate.type.BasicTypeReference@515c732d
2025-08-11T01:12:07.817-04:00 DEBUG 24444 --- [NoLimits] [           main] org.hibernate.type.BasicTypeRegistry     : Adding type registration serializable -> org.hibernate.type.BasicTypeReference@5ae87de0
2025-08-11T01:12:07.817-04:00 DEBUG 24444 --- [NoLimits] [           main] org.hibernate.type.BasicTypeRegistry     : Adding type registration java.io.Serializable -> org.hibernate.type.BasicTypeReference@5ae87de0
2025-08-11T01:12:07.817-04:00 DEBUG 24444 --- [NoLimits] [           main] org.hibernate.type.BasicTypeRegistry     : Adding type registration timezone -> org.hibernate.type.BasicTypeReference@1f85904a
2025-08-11T01:12:07.817-04:00 DEBUG 24444 --- [NoLimits] [           main] org.hibernate.type.BasicTypeRegistry     : Adding type registration java.util.TimeZone -> org.hibernate.type.BasicTypeReference@1f85904a
2025-08-11T01:12:07.817-04:00 DEBUG 24444 --- [NoLimits] [           main] org.hibernate.type.BasicTypeRegistry     : Adding type registration ZoneOffset -> org.hibernate.type.BasicTypeReference@514dc5f4
2025-08-11T01:12:07.817-04:00 DEBUG 24444 --- [NoLimits] [           main] org.hibernate.type.BasicTypeRegistry     : Adding type registration java.time.ZoneOffset -> org.hibernate.type.BasicTypeReference@514dc5f4
2025-08-11T01:12:07.817-04:00 DEBUG 24444 --- [NoLimits] [           main] org.hibernate.type.BasicTypeRegistry     : Adding type registration url -> org.hibernate.type.BasicTypeReference@633a11eb
2025-08-11T01:12:07.817-04:00 DEBUG 24444 --- [NoLimits] [           main] org.hibernate.type.BasicTypeRegistry     : Adding type registration java.net.URL -> org.hibernate.type.BasicTypeReference@633a11eb
2025-08-11T01:12:07.817-04:00 DEBUG 24444 --- [NoLimits] [           main] org.hibernate.type.BasicTypeRegistry     : Adding type registration vector -> org.hibernate.type.BasicTypeReference@7a247711
2025-08-11T01:12:07.817-04:00 DEBUG 24444 --- [NoLimits] [           main] org.hibernate.type.BasicTypeRegistry     : Adding type registration row_version -> org.hibernate.type.BasicTypeReference@4910afdf
2025-08-11T01:12:07.817-04:00 DEBUG 24444 --- [NoLimits] [           main] org.hibernate.type.BasicTypeRegistry     : Adding type registration object -> org.hibernate.type.JavaObjectType@2cdcfaa6
2025-08-11T01:12:07.817-04:00 DEBUG 24444 --- [NoLimits] [           main] org.hibernate.type.BasicTypeRegistry     : Adding type registration java.lang.Object -> org.hibernate.type.JavaObjectType@2cdcfaa6
2025-08-11T01:12:07.817-04:00 DEBUG 24444 --- [NoLimits] [           main] org.hibernate.type.BasicTypeRegistry     : Adding type registration null -> org.hibernate.type.NullType@2052f095
2025-08-11T01:12:07.817-04:00 DEBUG 24444 --- [NoLimits] [           main] org.hibernate.type.BasicTypeRegistry     : Adding type registration imm_date -> org.hibernate.type.BasicTypeReference@671f67ab
2025-08-11T01:12:07.817-04:00 DEBUG 24444 --- [NoLimits] [           main] org.hibernate.type.BasicTypeRegistry     : Adding type registration imm_time -> org.hibernate.type.BasicTypeReference@6b9ba1a6
2025-08-11T01:12:07.817-04:00 DEBUG 24444 --- [NoLimits] [           main] org.hibernate.type.BasicTypeRegistry     : Adding type registration imm_timestamp -> org.hibernate.type.BasicTypeReference@4430fb25
2025-08-11T01:12:07.817-04:00 DEBUG 24444 --- [NoLimits] [           main] org.hibernate.type.BasicTypeRegistry     : Adding type registration imm_calendar -> org.hibernate.type.BasicTypeReference@215f2743
2025-08-11T01:12:07.817-04:00 DEBUG 24444 --- [NoLimits] [           main] org.hibernate.type.BasicTypeRegistry     : Adding type registration imm_calendar_date -> org.hibernate.type.BasicTypeReference@3de13efc
2025-08-11T01:12:07.817-04:00 DEBUG 24444 --- [NoLimits] [           main] org.hibernate.type.BasicTypeRegistry     : Adding type registration imm_calendar_time -> org.hibernate.type.BasicTypeReference@b412e77
2025-08-11T01:12:07.817-04:00 DEBUG 24444 --- [NoLimits] [           main] org.hibernate.type.BasicTypeRegistry     : Adding type registration imm_binary -> org.hibernate.type.BasicTypeReference@48eb05e9
2025-08-11T01:12:07.817-04:00 DEBUG 24444 --- [NoLimits] [           main] org.hibernate.type.BasicTypeRegistry     : Adding type registration imm_serializable -> org.hibernate.type.BasicTypeReference@10564688
2025-08-11T01:12:07.820-04:00 DEBUG 24444 --- [NoLimits] [           main] o.h.boot.internal.BootstrapContextImpl   : Injecting JPA temp ClassLoader [org.springframework.instrument.classloading.SimpleThrowawayClassLoader@26443cdf] into BootstrapContext; was [null]
2025-08-11T01:12:07.820-04:00 DEBUG 24444 --- [NoLimits] [           main] o.h.boot.internal.ClassLoaderAccessImpl  : ClassLoaderAccessImpl#injectTempClassLoader(org.springframework.instrument.classloading.SimpleThrowawayClassLoader@26443cdf) [was null]
2025-08-11T01:12:07.820-04:00 DEBUG 24444 --- [NoLimits] [           main] o.h.boot.internal.BootstrapContextImpl   : Injecting ScanEnvironment [org.hibernate.jpa.boot.internal.StandardJpaScanEnvironmentImpl@3610b1b3] into BootstrapContext; was [null]
2025-08-11T01:12:07.820-04:00 DEBUG 24444 --- [NoLimits] [           main] o.h.boot.internal.BootstrapContextImpl   : Injecting ScanOptions [org.hibernate.boot.archive.scan.internal.StandardScanOptions@14d0c3ff] into BootstrapContext; was [org.hibernate.boot.archive.scan.internal.StandardScanOptions@1441dc49]
2025-08-11T01:12:07.827-04:00  INFO 24444 --- [NoLimits] [           main] o.s.o.j.p.SpringPersistenceUnitInfo      : No LoadTimeWeaver setup: ignoring JPA class transformer
2025-08-11T01:12:07.827-04:00 DEBUG 24444 --- [NoLimits] [           main] o.h.boot.internal.BootstrapContextImpl   : Injecting JPA temp ClassLoader [null] into BootstrapContext; was [org.springframework.instrument.classloading.SimpleThrowawayClassLoader@26443cdf]
2025-08-11T01:12:07.827-04:00 DEBUG 24444 --- [NoLimits] [           main] o.h.boot.internal.ClassLoaderAccessImpl  : ClassLoaderAccessImpl#injectTempClassLoader(null) [was org.springframework.instrument.classloading.SimpleThrowawayClassLoader@26443cdf]
2025-08-11T01:12:07.828-04:00  INFO 24444 --- [NoLimits] [           main] com.zaxxer.hikari.HikariDataSource       : HikariPool-7 - Starting...
2025-08-11T01:12:07.838-04:00  INFO 24444 --- [NoLimits] [           main] com.zaxxer.hikari.pool.HikariPool        : HikariPool-7 - Added connection com.mysql.cj.jdbc.ConnectionImpl@2ffed7fd
2025-08-11T01:12:07.838-04:00  INFO 24444 --- [NoLimits] [           main] com.zaxxer.hikari.HikariDataSource       : HikariPool-7 - Start completed.
2025-08-11T01:12:07.838-04:00 DEBUG 24444 --- [NoLimits] [           main] o.h.e.j.e.i.JdbcEnvironmentInitiator     : Database ->
	   name : MySQL
	version : 8.4.3
	  major : 8
	  minor : 4
2025-08-11T01:12:07.838-04:00 DEBUG 24444 --- [NoLimits] [           main] o.h.e.j.e.i.JdbcEnvironmentInitiator     : Driver ->
	   name : MySQL Connector/J
	version : mysql-connector-j-8.3.0 (Revision: 805f872a57875f311cb82487efcfb070411a3fa0)
	  major : 8
	  minor : 3
2025-08-11T01:12:07.838-04:00 DEBUG 24444 --- [NoLimits] [           main] o.h.e.j.e.i.JdbcEnvironmentInitiator     : JDBC version : 4.2
2025-08-11T01:12:07.839-04:00  WARN 24444 --- [NoLimits] [           main] org.hibernate.orm.deprecation            : HHH90000025: MySQL8Dialect does not need to be specified explicitly using 'hibernate.dialect' (remove the property setting and it will be selected by default)
2025-08-11T01:12:07.839-04:00 DEBUG 24444 --- [NoLimits] [           main] org.hibernate.orm.dialect                : HHH035001: Using dialect: org.hibernate.dialect.MySQL8Dialect, version: 8.0
2025-08-11T01:12:07.839-04:00  WARN 24444 --- [NoLimits] [           main] org.hibernate.orm.deprecation            : HHH90000026: MySQL8Dialect has been deprecated; use org.hibernate.dialect.MySQLDialect instead
2025-08-11T01:12:07.839-04:00 DEBUG 24444 --- [NoLimits] [           main] o.h.e.j.env.spi.IdentifierHelperBuilder  : JDBC driver metadata reported database stores quoted identifiers in more than one case
2025-08-11T01:12:07.839-04:00 DEBUG 24444 --- [NoLimits] [           main] o.h.e.j.env.spi.IdentifierHelperBuilder  : IdentifierCaseStrategy for both quoted and unquoted identifiers was set to the same strategy [LOWER]; that will likely lead to problems in schema update and validation if using quoted identifiers
2025-08-11T01:12:07.839-04:00 DEBUG 24444 --- [NoLimits] [           main] o.h.t.d.sql.spi.DdlTypeRegistry          : addDescriptor(12, org.hibernate.type.descriptor.sql.internal.CapacityDependentDdlType@473f308d) replaced previous registration(org.hibernate.type.descriptor.sql.internal.CapacityDependentDdlType@393baef)
2025-08-11T01:12:07.839-04:00 DEBUG 24444 --- [NoLimits] [           main] o.h.t.d.sql.spi.DdlTypeRegistry          : addDescriptor(-9, org.hibernate.type.descriptor.sql.internal.CapacityDependentDdlType@be67e29) replaced previous registration(org.hibernate.type.descriptor.sql.internal.CapacityDependentDdlType@19e15d63)
2025-08-11T01:12:07.839-04:00 DEBUG 24444 --- [NoLimits] [           main] o.h.t.d.sql.spi.DdlTypeRegistry          : addDescriptor(-3, org.hibernate.type.descriptor.sql.internal.CapacityDependentDdlType@2764ad8a) replaced previous registration(org.hibernate.type.descriptor.sql.internal.CapacityDependentDdlType@393e3f4b)
2025-08-11T01:12:07.839-04:00 DEBUG 24444 --- [NoLimits] [           main] o.h.t.d.sql.spi.DdlTypeRegistry          : addDescriptor(4003, org.hibernate.type.descriptor.sql.internal.DdlTypeImpl@1110973) replaced previous registration(org.hibernate.type.descriptor.sql.internal.DdlTypeImpl@12885677)
2025-08-11T01:12:07.839-04:00 DEBUG 24444 --- [NoLimits] [           main] o.h.t.d.sql.spi.DdlTypeRegistry          : addDescriptor(4001, org.hibernate.type.descriptor.sql.internal.DdlTypeImpl@1002a151) replaced previous registration(org.hibernate.type.descriptor.sql.internal.DdlTypeImpl@588e107d)
2025-08-11T01:12:07.839-04:00 DEBUG 24444 --- [NoLimits] [           main] o.h.t.d.sql.spi.DdlTypeRegistry          : addDescriptor(4002, org.hibernate.type.descriptor.sql.internal.DdlTypeImpl@51ddc08e) replaced previous registration(org.hibernate.type.descriptor.sql.internal.DdlTypeImpl@1b60f2c)
2025-08-11T01:12:07.839-04:00 DEBUG 24444 --- [NoLimits] [           main] o.h.t.d.sql.spi.DdlTypeRegistry          : addDescriptor(2004, org.hibernate.type.descriptor.sql.internal.CapacityDependentDdlType@43b3e62) replaced previous registration(org.hibernate.type.descriptor.sql.internal.DdlTypeImpl@2c9ecb60)
2025-08-11T01:12:07.839-04:00 DEBUG 24444 --- [NoLimits] [           main] o.h.t.d.sql.spi.DdlTypeRegistry          : addDescriptor(2005, org.hibernate.type.descriptor.sql.internal.CapacityDependentDdlType@1378b7cd) replaced previous registration(org.hibernate.type.descriptor.sql.internal.DdlTypeImpl@228605e1)
2025-08-11T01:12:07.839-04:00 DEBUG 24444 --- [NoLimits] [           main] o.h.t.d.sql.spi.DdlTypeRegistry          : addDescriptor(2011, org.hibernate.type.descriptor.sql.internal.CapacityDependentDdlType@7f93f7fd) replaced previous registration(org.hibernate.type.descriptor.sql.internal.DdlTypeImpl@250cf6a4)
2025-08-11T01:12:07.839-04:00 DEBUG 24444 --- [NoLimits] [           main] o.h.t.d.jdbc.spi.JdbcTypeRegistry        : addDescriptor(NCharTypeDescriptor) replaced previous registration(CharTypeDescriptor)
2025-08-11T01:12:07.839-04:00 DEBUG 24444 --- [NoLimits] [           main] o.h.t.d.jdbc.spi.JdbcTypeRegistry        : addDescriptor(NVarcharTypeDescriptor) replaced previous registration(VarcharTypeDescriptor)
2025-08-11T01:12:07.839-04:00 DEBUG 24444 --- [NoLimits] [           main] o.h.t.d.jdbc.spi.JdbcTypeRegistry        : addDescriptor(LongNVarcharTypeDescriptor) replaced previous registration(LongVarcharTypeDescriptor)
2025-08-11T01:12:07.839-04:00 DEBUG 24444 --- [NoLimits] [           main] o.h.t.d.jdbc.spi.JdbcTypeRegistry        : addDescriptor(NClobTypeDescriptor(DEFAULT)) replaced previous registration(ClobTypeDescriptor(DEFAULT))
2025-08-11T01:12:07.839-04:00 DEBUG 24444 --- [NoLimits] [           main] o.h.t.d.jdbc.spi.JdbcTypeRegistry        : addDescriptor(2005, ClobTypeDescriptor(STREAM_BINDING)) replaced previous registration(ClobTypeDescriptor(DEFAULT))
2025-08-11T01:12:07.839-04:00 DEBUG 24444 --- [NoLimits] [           main] org.hibernate.type.BasicTypeRegistry     : Adding type registration null -> org.hibernate.type.NullType@739ceb17
2025-08-11T01:12:07.839-04:00 DEBUG 24444 --- [NoLimits] [           main] org.hibernate.type.BasicTypeRegistry     : Type registration key [null] overrode previous entry : `org.hibernate.type.NullType@2052f095`
2025-08-11T01:12:07.839-04:00 DEBUG 24444 --- [NoLimits] [           main] org.hibernate.type.BasicTypeRegistry     : Adding type registration org.hibernate.type.DurationType -> basicType@122(java.time.Duration,3015)
2025-08-11T01:12:07.839-04:00 DEBUG 24444 --- [NoLimits] [           main] org.hibernate.type.BasicTypeRegistry     : Adding type registration Duration -> basicType@122(java.time.Duration,3015)
2025-08-11T01:12:07.839-04:00 DEBUG 24444 --- [NoLimits] [           main] org.hibernate.type.BasicTypeRegistry     : Adding type registration java.time.Duration -> basicType@122(java.time.Duration,3015)
2025-08-11T01:12:07.839-04:00 DEBUG 24444 --- [NoLimits] [           main] org.hibernate.type.BasicTypeRegistry     : Adding type registration org.hibernate.type.OffsetDateTimeType -> basicType@123(java.time.OffsetDateTime,3003)
2025-08-11T01:12:07.839-04:00 DEBUG 24444 --- [NoLimits] [           main] org.hibernate.type.BasicTypeRegistry     : Adding type registration OffsetDateTime -> basicType@123(java.time.OffsetDateTime,3003)
2025-08-11T01:12:07.839-04:00 DEBUG 24444 --- [NoLimits] [           main] org.hibernate.type.BasicTypeRegistry     : Adding type registration java.time.OffsetDateTime -> basicType@123(java.time.OffsetDateTime,3003)
2025-08-11T01:12:07.839-04:00 DEBUG 24444 --- [NoLimits] [           main] org.hibernate.type.BasicTypeRegistry     : Adding type registration org.hibernate.type.ZonedDateTimeType -> basicType@124(java.time.ZonedDateTime,3003)
2025-08-11T01:12:07.839-04:00 DEBUG 24444 --- [NoLimits] [           main] org.hibernate.type.BasicTypeRegistry     : Adding type registration ZonedDateTime -> basicType@124(java.time.ZonedDateTime,3003)
2025-08-11T01:12:07.839-04:00 DEBUG 24444 --- [NoLimits] [           main] org.hibernate.type.BasicTypeRegistry     : Adding type registration java.time.ZonedDateTime -> basicType@124(java.time.ZonedDateTime,3003)
2025-08-11T01:12:07.839-04:00 DEBUG 24444 --- [NoLimits] [           main] org.hibernate.type.BasicTypeRegistry     : Adding type registration org.hibernate.type.OffsetTimeType -> basicType@125(java.time.OffsetTime,3007)
2025-08-11T01:12:07.839-04:00 DEBUG 24444 --- [NoLimits] [           main] org.hibernate.type.BasicTypeRegistry     : Adding type registration OffsetTime -> basicType@125(java.time.OffsetTime,3007)
2025-08-11T01:12:07.839-04:00 DEBUG 24444 --- [NoLimits] [           main] org.hibernate.type.BasicTypeRegistry     : Adding type registration java.time.OffsetTime -> basicType@125(java.time.OffsetTime,3007)
2025-08-11T01:12:07.839-04:00 DEBUG 24444 --- [NoLimits] [           main] o.h.type.spi.TypeConfiguration$Scope     : Scoping TypeConfiguration [org.hibernate.type.spi.TypeConfiguration@61a74188] to MetadataBuildingContext [org.hibernate.boot.internal.MetadataBuildingContextRootImpl@16b6e5e]
2025-08-11T01:12:07.840-04:00 DEBUG 24444 --- [NoLimits] [           main] o.h.boot.model.relational.Namespace      : Created database namespace [logicalName=Name{catalog=null, schema=null}, physicalName=Name{catalog=null, schema=null}]
2025-08-11T01:12:07.840-04:00 DEBUG 24444 --- [NoLimits] [           main] o.h.boot.model.internal.EntityBinder     : Binding entity from annotated class: com.example.NoLimits.Multimedia.model.DetallePedidoModel
2025-08-11T01:12:07.840-04:00 DEBUG 24444 --- [NoLimits] [           main] o.h.boot.model.internal.EntityBinder     : Import with entity name DetallePedidoModel
2025-08-11T01:12:07.840-04:00 DEBUG 24444 --- [NoLimits] [           main] o.h.boot.model.internal.EntityBinder     : Bind entity com.example.NoLimits.Multimedia.model.DetallePedidoModel on table detalle_pedido
2025-08-11T01:12:07.840-04:00 DEBUG 24444 --- [NoLimits] [           main] o.h.boot.model.internal.AnnotatedColumn  : Binding column: AnnotatedDiscriminatorColumn(column='DTYPE')
2025-08-11T01:12:07.840-04:00 DEBUG 24444 --- [NoLimits] [           main] o.h.boot.model.internal.AnnotatedColumn  : Binding column: AnnotatedColumn()
2025-08-11T01:12:07.840-04:00 DEBUG 24444 --- [NoLimits] [           main] o.h.boot.internal.ClassLoaderAccessImpl  : Not known whether passed class name [com.example.NoLimits.Multimedia.model.DetallePedidoModel] is safe
2025-08-11T01:12:07.840-04:00 DEBUG 24444 --- [NoLimits] [           main] o.h.boot.internal.ClassLoaderAccessImpl  : No temp ClassLoader provided; using live ClassLoader for loading potentially unsafe class : com.example.NoLimits.Multimedia.model.DetallePedidoModel
2025-08-11T01:12:07.840-04:00 DEBUG 24444 --- [NoLimits] [           main] o.h.boot.model.internal.PropertyBinder   : MetadataSourceProcessor property id with lazy=false
2025-08-11T01:12:07.840-04:00 DEBUG 24444 --- [NoLimits] [           main] o.h.b.m.internal.AbstractPropertyHolder  : Attempting to locate auto-apply AttributeConverter for property [com.example.NoLimits.Multimedia.model.DetallePedidoModel:id]
2025-08-11T01:12:07.840-04:00 DEBUG 24444 --- [NoLimits] [           main] o.h.b.model.internal.BasicValueBinder    : building BasicValue for id
2025-08-11T01:12:07.840-04:00 DEBUG 24444 --- [NoLimits] [           main] org.hibernate.mapping.BasicValue         : Skipping column re-registration: detalle_pedido.id
2025-08-11T01:12:07.840-04:00 DEBUG 24444 --- [NoLimits] [           main] o.h.boot.model.internal.PropertyBinder   : Building property id
2025-08-11T01:12:07.840-04:00 DEBUG 24444 --- [NoLimits] [           main] o.h.boot.model.internal.BinderHelper     : #makeIdGenerator(BasicValue([Column(id)]), id, identity, , ...)
2025-08-11T01:12:07.841-04:00 DEBUG 24444 --- [NoLimits] [           main] o.h.boot.model.internal.AnnotatedColumn  : Binding column: AnnotatedColumn()
2025-08-11T01:12:07.841-04:00 DEBUG 24444 --- [NoLimits] [           main] o.h.boot.model.internal.PropertyBinder   : MetadataSourceProcessor property cantidad with lazy=false
2025-08-11T01:12:07.841-04:00 DEBUG 24444 --- [NoLimits] [           main] o.h.b.m.internal.AbstractPropertyHolder  : Attempting to locate auto-apply AttributeConverter for property [com.example.NoLimits.Multimedia.model.DetallePedidoModel:cantidad]
2025-08-11T01:12:07.841-04:00 DEBUG 24444 --- [NoLimits] [           main] o.h.b.model.internal.BasicValueBinder    : building BasicValue for cantidad
2025-08-11T01:12:07.841-04:00 DEBUG 24444 --- [NoLimits] [           main] org.hibernate.mapping.BasicValue         : Skipping column re-registration: detalle_pedido.cantidad
2025-08-11T01:12:07.841-04:00 DEBUG 24444 --- [NoLimits] [           main] o.h.boot.model.internal.PropertyBinder   : Building property cantidad
2025-08-11T01:12:07.841-04:00 DEBUG 24444 --- [NoLimits] [           main] o.h.boot.model.internal.AnnotatedColumn  : Binding column: AnnotatedJoinColumn(column='pedido_id')
2025-08-11T01:12:07.841-04:00 DEBUG 24444 --- [NoLimits] [           main] o.h.boot.model.internal.AnnotatedColumn  : Binding column: AnnotatedColumn()
2025-08-11T01:12:07.841-04:00 DEBUG 24444 --- [NoLimits] [           main] o.h.boot.model.internal.PropertyBinder   : Building property pedido
2025-08-11T01:12:07.841-04:00 DEBUG 24444 --- [NoLimits] [           main] o.h.boot.model.internal.AnnotatedColumn  : Binding column: AnnotatedColumn()
2025-08-11T01:12:07.841-04:00 DEBUG 24444 --- [NoLimits] [           main] o.h.boot.model.internal.PropertyBinder   : MetadataSourceProcessor property precioUnitario with lazy=false
2025-08-11T01:12:07.841-04:00 DEBUG 24444 --- [NoLimits] [           main] o.h.b.m.internal.AbstractPropertyHolder  : Attempting to locate auto-apply AttributeConverter for property [com.example.NoLimits.Multimedia.model.DetallePedidoModel:precioUnitario]
2025-08-11T01:12:07.841-04:00 DEBUG 24444 --- [NoLimits] [           main] o.h.b.model.internal.BasicValueBinder    : building BasicValue for precioUnitario
2025-08-11T01:12:07.841-04:00 DEBUG 24444 --- [NoLimits] [           main] org.hibernate.mapping.BasicValue         : Skipping column re-registration: detalle_pedido.precio_unitario
2025-08-11T01:12:07.841-04:00 DEBUG 24444 --- [NoLimits] [           main] o.h.boot.model.internal.PropertyBinder   : Building property precioUnitario
2025-08-11T01:12:07.841-04:00 DEBUG 24444 --- [NoLimits] [           main] o.h.boot.model.internal.AnnotatedColumn  : Binding column: AnnotatedJoinColumn(column='producto_id')
2025-08-11T01:12:07.841-04:00 DEBUG 24444 --- [NoLimits] [           main] o.h.boot.model.internal.AnnotatedColumn  : Binding column: AnnotatedColumn()
2025-08-11T01:12:07.841-04:00 DEBUG 24444 --- [NoLimits] [           main] o.h.boot.model.internal.PropertyBinder   : Building property producto
2025-08-11T01:12:07.841-04:00 DEBUG 24444 --- [NoLimits] [           main] o.h.boot.model.internal.AnnotatedColumn  : Binding column: AnnotatedColumn()
2025-08-11T01:12:07.841-04:00 DEBUG 24444 --- [NoLimits] [           main] o.h.boot.model.internal.PropertyBinder   : MetadataSourceProcessor property subtotal with lazy=false
2025-08-11T01:12:07.841-04:00 DEBUG 24444 --- [NoLimits] [           main] o.h.b.m.internal.AbstractPropertyHolder  : Attempting to locate auto-apply AttributeConverter for property [com.example.NoLimits.Multimedia.model.DetallePedidoModel:subtotal]
2025-08-11T01:12:07.841-04:00 DEBUG 24444 --- [NoLimits] [           main] o.h.b.model.internal.BasicValueBinder    : building BasicValue for subtotal
2025-08-11T01:12:07.841-04:00 DEBUG 24444 --- [NoLimits] [           main] org.hibernate.mapping.BasicValue         : Skipping column re-registration: detalle_pedido.subtotal
2025-08-11T01:12:07.841-04:00 DEBUG 24444 --- [NoLimits] [           main] o.h.boot.model.internal.PropertyBinder   : Building property subtotal
2025-08-11T01:12:07.842-04:00 DEBUG 24444 --- [NoLimits] [           main] o.h.b.r.c.i.ClassLoaderServiceImpl       : HHH000194: Package not found or no package-info.java: com.example.NoLimits.Multimedia.model
2025-08-11T01:12:07.842-04:00 DEBUG 24444 --- [NoLimits] [           main] o.h.boot.model.internal.EntityBinder     : Binding entity from annotated class: com.example.NoLimits.Multimedia.model.MetodoPagoModel
2025-08-11T01:12:07.842-04:00 DEBUG 24444 --- [NoLimits] [           main] o.h.boot.model.internal.EntityBinder     : Import with entity name MetodoPagoModel
2025-08-11T01:12:07.842-04:00 DEBUG 24444 --- [NoLimits] [           main] o.h.boot.model.internal.EntityBinder     : Bind entity com.example.NoLimits.Multimedia.model.MetodoPagoModel on table metodos_pago
2025-08-11T01:12:07.842-04:00 DEBUG 24444 --- [NoLimits] [           main] o.h.boot.model.internal.AnnotatedColumn  : Binding column: AnnotatedDiscriminatorColumn(column='DTYPE')
2025-08-11T01:12:07.842-04:00 DEBUG 24444 --- [NoLimits] [           main] o.h.boot.model.internal.AnnotatedColumn  : Binding column: AnnotatedColumn()
2025-08-11T01:12:07.842-04:00 DEBUG 24444 --- [NoLimits] [           main] o.h.boot.internal.ClassLoaderAccessImpl  : Not known whether passed class name [com.example.NoLimits.Multimedia.model.MetodoPagoModel] is safe
2025-08-11T01:12:07.842-04:00 DEBUG 24444 --- [NoLimits] [           main] o.h.boot.internal.ClassLoaderAccessImpl  : No temp ClassLoader provided; using live ClassLoader for loading potentially unsafe class : com.example.NoLimits.Multimedia.model.MetodoPagoModel
2025-08-11T01:12:07.842-04:00 DEBUG 24444 --- [NoLimits] [           main] o.h.boot.model.internal.PropertyBinder   : MetadataSourceProcessor property id with lazy=false
2025-08-11T01:12:07.842-04:00 DEBUG 24444 --- [NoLimits] [           main] o.h.b.m.internal.AbstractPropertyHolder  : Attempting to locate auto-apply AttributeConverter for property [com.example.NoLimits.Multimedia.model.MetodoPagoModel:id]
2025-08-11T01:12:07.842-04:00 DEBUG 24444 --- [NoLimits] [           main] o.h.b.model.internal.BasicValueBinder    : building BasicValue for id
2025-08-11T01:12:07.844-04:00 DEBUG 24444 --- [NoLimits] [           main] org.hibernate.mapping.BasicValue         : Skipping column re-registration: metodos_pago.id
2025-08-11T01:12:07.844-04:00 DEBUG 24444 --- [NoLimits] [           main] o.h.boot.model.internal.PropertyBinder   : Building property id
2025-08-11T01:12:07.844-04:00 DEBUG 24444 --- [NoLimits] [           main] o.h.boot.model.internal.BinderHelper     : #makeIdGenerator(BasicValue([Column(id)]), id, identity, , ...)
2025-08-11T01:12:07.844-04:00 DEBUG 24444 --- [NoLimits] [           main] o.h.boot.model.internal.AnnotatedColumn  : Binding column: AnnotatedColumn()
2025-08-11T01:12:07.844-04:00 DEBUG 24444 --- [NoLimits] [           main] o.h.boot.model.internal.PropertyBinder   : MetadataSourceProcessor property nombre with lazy=false
2025-08-11T01:12:07.844-04:00 DEBUG 24444 --- [NoLimits] [           main] o.h.b.m.internal.AbstractPropertyHolder  : Attempting to locate auto-apply AttributeConverter for property [com.example.NoLimits.Multimedia.model.MetodoPagoModel:nombre]
2025-08-11T01:12:07.844-04:00 DEBUG 24444 --- [NoLimits] [           main] o.h.b.model.internal.BasicValueBinder    : building BasicValue for nombre
2025-08-11T01:12:07.844-04:00 DEBUG 24444 --- [NoLimits] [           main] org.hibernate.mapping.BasicValue         : Skipping column re-registration: metodos_pago.nombre
2025-08-11T01:12:07.844-04:00 DEBUG 24444 --- [NoLimits] [           main] o.h.boot.model.internal.PropertyBinder   : Building property nombre
2025-08-11T01:12:07.844-04:00 DEBUG 24444 --- [NoLimits] [           main] o.h.boot.model.internal.AnnotatedColumn  : Binding column: AnnotatedJoinColumn()
2025-08-11T01:12:07.844-04:00 DEBUG 24444 --- [NoLimits] [           main] o.h.boot.model.internal.AnnotatedColumn  : Binding column: AnnotatedColumn()
2025-08-11T01:12:07.844-04:00 DEBUG 24444 --- [NoLimits] [           main] o.h.boot.model.internal.AnnotatedColumn  : Binding column: IndexColumn(column='ventas_ORDER')
2025-08-11T01:12:07.844-04:00 DEBUG 24444 --- [NoLimits] [           main] o.h.boot.model.internal.AnnotatedColumn  : Binding column: AnnotatedColumn()
2025-08-11T01:12:07.844-04:00 DEBUG 24444 --- [NoLimits] [           main] o.h.boot.model.internal.AnnotatedColumn  : Binding column: AnnotatedColumn(column='ventas_KEY')
2025-08-11T01:12:07.844-04:00 DEBUG 24444 --- [NoLimits] [           main] o.h.boot.model.internal.AnnotatedColumn  : Binding column: AnnotatedJoinColumn(column='ventas_KEY')
2025-08-11T01:12:07.844-04:00 DEBUG 24444 --- [NoLimits] [           main] o.h.boot.model.internal.AnnotatedColumn  : Binding column: AnnotatedJoinColumn()
2025-08-11T01:12:07.844-04:00 DEBUG 24444 --- [NoLimits] [           main] o.h.boot.model.internal.AnnotatedColumn  : Binding column: AnnotatedJoinColumn()
2025-08-11T01:12:07.844-04:00 DEBUG 24444 --- [NoLimits] [           main] o.h.b.model.internal.CollectionBinder    : Collection role: com.example.NoLimits.Multimedia.model.MetodoPagoModel.ventas
2025-08-11T01:12:07.844-04:00 DEBUG 24444 --- [NoLimits] [           main] o.h.boot.model.internal.PropertyBinder   : Building property ventas
2025-08-11T01:12:07.846-04:00 DEBUG 24444 --- [NoLimits] [           main] o.h.b.r.c.i.ClassLoaderServiceImpl       : HHH000194: Package not found or no package-info.java: com.example.NoLimits.Multimedia.model
2025-08-11T01:12:07.846-04:00 DEBUG 24444 --- [NoLimits] [           main] o.h.boot.model.internal.EntityBinder     : Binding entity from annotated class: com.example.NoLimits.Multimedia.model.PedidoModel
2025-08-11T01:12:07.846-04:00 DEBUG 24444 --- [NoLimits] [           main] o.h.boot.model.internal.EntityBinder     : Import with entity name PedidoModel
2025-08-11T01:12:07.846-04:00 DEBUG 24444 --- [NoLimits] [           main] o.h.boot.model.internal.EntityBinder     : Bind entity com.example.NoLimits.Multimedia.model.PedidoModel on table pedidos
2025-08-11T01:12:07.846-04:00 DEBUG 24444 --- [NoLimits] [           main] o.h.boot.model.internal.AnnotatedColumn  : Binding column: AnnotatedDiscriminatorColumn(column='DTYPE')
2025-08-11T01:12:07.846-04:00 DEBUG 24444 --- [NoLimits] [           main] o.h.boot.model.internal.AnnotatedColumn  : Binding column: AnnotatedColumn()
2025-08-11T01:12:07.847-04:00 DEBUG 24444 --- [NoLimits] [           main] o.h.boot.internal.ClassLoaderAccessImpl  : Not known whether passed class name [com.example.NoLimits.Multimedia.model.PedidoModel] is safe
2025-08-11T01:12:07.847-04:00 DEBUG 24444 --- [NoLimits] [           main] o.h.boot.internal.ClassLoaderAccessImpl  : No temp ClassLoader provided; using live ClassLoader for loading potentially unsafe class : com.example.NoLimits.Multimedia.model.PedidoModel
2025-08-11T01:12:07.847-04:00 DEBUG 24444 --- [NoLimits] [           main] o.h.boot.model.internal.PropertyBinder   : MetadataSourceProcessor property id with lazy=false
2025-08-11T01:12:07.847-04:00 DEBUG 24444 --- [NoLimits] [           main] o.h.b.m.internal.AbstractPropertyHolder  : Attempting to locate auto-apply AttributeConverter for property [com.example.NoLimits.Multimedia.model.PedidoModel:id]
2025-08-11T01:12:07.847-04:00 DEBUG 24444 --- [NoLimits] [           main] o.h.b.model.internal.BasicValueBinder    : building BasicValue for id
2025-08-11T01:12:07.847-04:00 DEBUG 24444 --- [NoLimits] [           main] org.hibernate.mapping.BasicValue         : Skipping column re-registration: pedidos.id
2025-08-11T01:12:07.847-04:00 DEBUG 24444 --- [NoLimits] [           main] o.h.boot.model.internal.PropertyBinder   : Building property id
2025-08-11T01:12:07.847-04:00 DEBUG 24444 --- [NoLimits] [           main] o.h.boot.model.internal.BinderHelper     : #makeIdGenerator(BasicValue([Column(id)]), id, identity, , ...)
2025-08-11T01:12:07.847-04:00 DEBUG 24444 --- [NoLimits] [           main] o.h.boot.model.internal.AnnotatedColumn  : Binding column: AnnotatedJoinColumn()
2025-08-11T01:12:07.847-04:00 DEBUG 24444 --- [NoLimits] [           main] o.h.boot.model.internal.AnnotatedColumn  : Binding column: AnnotatedColumn()
2025-08-11T01:12:07.847-04:00 DEBUG 24444 --- [NoLimits] [           main] o.h.boot.model.internal.AnnotatedColumn  : Binding column: IndexColumn(column='detallePedidos_ORDER')
2025-08-11T01:12:07.847-04:00 DEBUG 24444 --- [NoLimits] [           main] o.h.boot.model.internal.AnnotatedColumn  : Binding column: AnnotatedColumn()
2025-08-11T01:12:07.847-04:00 DEBUG 24444 --- [NoLimits] [           main] o.h.boot.model.internal.AnnotatedColumn  : Binding column: AnnotatedColumn(column='detallePedidos_KEY')
2025-08-11T01:12:07.847-04:00 DEBUG 24444 --- [NoLimits] [           main] o.h.boot.model.internal.AnnotatedColumn  : Binding column: AnnotatedJoinColumn(column='detallePedidos_KEY')
2025-08-11T01:12:07.847-04:00 DEBUG 24444 --- [NoLimits] [           main] o.h.boot.model.internal.AnnotatedColumn  : Binding column: AnnotatedJoinColumn()
2025-08-11T01:12:07.847-04:00 DEBUG 24444 --- [NoLimits] [           main] o.h.boot.model.internal.AnnotatedColumn  : Binding column: AnnotatedJoinColumn()
2025-08-11T01:12:07.847-04:00 DEBUG 24444 --- [NoLimits] [           main] o.h.b.model.internal.CollectionBinder    : Collection role: com.example.NoLimits.Multimedia.model.PedidoModel.detallePedidos
2025-08-11T01:12:07.847-04:00 DEBUG 24444 --- [NoLimits] [           main] o.h.boot.model.internal.PropertyBinder   : Building property detallePedidos
2025-08-11T01:12:07.847-04:00 DEBUG 24444 --- [NoLimits] [           main] o.h.boot.model.internal.AnnotatedColumn  : Binding column: AnnotatedColumn()
2025-08-11T01:12:07.847-04:00 DEBUG 24444 --- [NoLimits] [           main] o.h.boot.model.internal.PropertyBinder   : MetadataSourceProcessor property direccionEntrega with lazy=false
2025-08-11T01:12:07.847-04:00 DEBUG 24444 --- [NoLimits] [           main] o.h.b.m.internal.AbstractPropertyHolder  : Attempting to locate auto-apply AttributeConverter for property [com.example.NoLimits.Multimedia.model.PedidoModel:direccionEntrega]
2025-08-11T01:12:07.847-04:00 DEBUG 24444 --- [NoLimits] [           main] o.h.b.model.internal.BasicValueBinder    : building BasicValue for direccionEntrega
2025-08-11T01:12:07.847-04:00 DEBUG 24444 --- [NoLimits] [           main] org.hibernate.mapping.BasicValue         : Skipping column re-registration: pedidos.direccion_entrega
2025-08-11T01:12:07.847-04:00 DEBUG 24444 --- [NoLimits] [           main] o.h.boot.model.internal.PropertyBinder   : Building property direccionEntrega
2025-08-11T01:12:07.847-04:00 DEBUG 24444 --- [NoLimits] [           main] o.h.boot.model.internal.AnnotatedColumn  : Binding column: AnnotatedColumn()
2025-08-11T01:12:07.847-04:00 DEBUG 24444 --- [NoLimits] [           main] o.h.boot.model.internal.PropertyBinder   : MetadataSourceProcessor property estado with lazy=false
2025-08-11T01:12:07.847-04:00 DEBUG 24444 --- [NoLimits] [           main] o.h.b.m.internal.AbstractPropertyHolder  : Attempting to locate auto-apply AttributeConverter for property [com.example.NoLimits.Multimedia.model.PedidoModel:estado]
2025-08-11T01:12:07.847-04:00 DEBUG 24444 --- [NoLimits] [           main] o.h.b.model.internal.BasicValueBinder    : building BasicValue for estado
2025-08-11T01:12:07.847-04:00 DEBUG 24444 --- [NoLimits] [           main] org.hibernate.mapping.BasicValue         : Skipping column re-registration: pedidos.estado
2025-08-11T01:12:07.847-04:00 DEBUG 24444 --- [NoLimits] [           main] o.h.boot.model.internal.PropertyBinder   : Building property estado
2025-08-11T01:12:07.847-04:00 DEBUG 24444 --- [NoLimits] [           main] o.h.boot.model.internal.AnnotatedColumn  : Binding column: AnnotatedJoinColumn(column='metodo_pago_id')
2025-08-11T01:12:07.847-04:00 DEBUG 24444 --- [NoLimits] [           main] o.h.boot.model.internal.AnnotatedColumn  : Binding column: AnnotatedColumn()
2025-08-11T01:12:07.847-04:00 DEBUG 24444 --- [NoLimits] [           main] o.h.boot.model.internal.PropertyBinder   : Building property metodoPagoModel
2025-08-11T01:12:07.847-04:00 DEBUG 24444 --- [NoLimits] [           main] o.h.boot.model.internal.AnnotatedColumn  : Binding column: AnnotatedJoinColumn(column='usuario_id')
2025-08-11T01:12:07.847-04:00 DEBUG 24444 --- [NoLimits] [           main] o.h.boot.model.internal.AnnotatedColumn  : Binding column: AnnotatedColumn()
2025-08-11T01:12:07.847-04:00 DEBUG 24444 --- [NoLimits] [           main] o.h.boot.model.internal.PropertyBinder   : Building property usuarioModel
2025-08-11T01:12:07.847-04:00 DEBUG 24444 --- [NoLimits] [           main] o.h.b.r.c.i.ClassLoaderServiceImpl       : HHH000194: Package not found or no package-info.java: com.example.NoLimits.Multimedia.model
2025-08-11T01:12:07.847-04:00 DEBUG 24444 --- [NoLimits] [           main] o.h.boot.model.internal.EntityBinder     : Binding entity from annotated class: com.example.NoLimits.Multimedia.model.ProductoModel
2025-08-11T01:12:07.847-04:00 DEBUG 24444 --- [NoLimits] [           main] o.h.boot.model.internal.EntityBinder     : Import with entity name ProductoModel
2025-08-11T01:12:07.851-04:00 DEBUG 24444 --- [NoLimits] [           main] o.h.boot.model.internal.EntityBinder     : Bind entity com.example.NoLimits.Multimedia.model.ProductoModel on table productos
2025-08-11T01:12:07.851-04:00 DEBUG 24444 --- [NoLimits] [           main] o.h.boot.model.internal.AnnotatedColumn  : Binding column: AnnotatedDiscriminatorColumn(column='DTYPE')
2025-08-11T01:12:07.851-04:00 DEBUG 24444 --- [NoLimits] [           main] o.h.boot.model.internal.AnnotatedColumn  : Binding column: AnnotatedColumn()
2025-08-11T01:12:07.851-04:00 DEBUG 24444 --- [NoLimits] [           main] o.h.boot.internal.ClassLoaderAccessImpl  : Not known whether passed class name [com.example.NoLimits.Multimedia.model.ProductoModel] is safe
2025-08-11T01:12:07.851-04:00 DEBUG 24444 --- [NoLimits] [           main] o.h.boot.internal.ClassLoaderAccessImpl  : No temp ClassLoader provided; using live ClassLoader for loading potentially unsafe class : com.example.NoLimits.Multimedia.model.ProductoModel
2025-08-11T01:12:07.851-04:00 DEBUG 24444 --- [NoLimits] [           main] o.h.boot.model.internal.PropertyBinder   : MetadataSourceProcessor property id with lazy=false
2025-08-11T01:12:07.851-04:00 DEBUG 24444 --- [NoLimits] [           main] o.h.b.m.internal.AbstractPropertyHolder  : Attempting to locate auto-apply AttributeConverter for property [com.example.NoLimits.Multimedia.model.ProductoModel:id]
2025-08-11T01:12:07.851-04:00 DEBUG 24444 --- [NoLimits] [           main] o.h.b.model.internal.BasicValueBinder    : building BasicValue for id
2025-08-11T01:12:07.851-04:00 DEBUG 24444 --- [NoLimits] [           main] org.hibernate.mapping.BasicValue         : Skipping column re-registration: productos.id
2025-08-11T01:12:07.851-04:00 DEBUG 24444 --- [NoLimits] [           main] o.h.boot.model.internal.PropertyBinder   : Building property id
2025-08-11T01:12:07.851-04:00 DEBUG 24444 --- [NoLimits] [           main] o.h.boot.model.internal.BinderHelper     : #makeIdGenerator(BasicValue([Column(id)]), id, identity, , ...)
2025-08-11T01:12:07.851-04:00 DEBUG 24444 --- [NoLimits] [           main] o.h.boot.model.internal.AnnotatedColumn  : Binding column: AnnotatedColumn()
2025-08-11T01:12:07.851-04:00 DEBUG 24444 --- [NoLimits] [           main] o.h.boot.model.internal.PropertyBinder   : MetadataSourceProcessor property nombre with lazy=false
2025-08-11T01:12:07.851-04:00 DEBUG 24444 --- [NoLimits] [           main] o.h.b.m.internal.AbstractPropertyHolder  : Attempting to locate auto-apply AttributeConverter for property [com.example.NoLimits.Multimedia.model.ProductoModel:nombre]
2025-08-11T01:12:07.851-04:00 DEBUG 24444 --- [NoLimits] [           main] o.h.b.model.internal.BasicValueBinder    : building BasicValue for nombre
2025-08-11T01:12:07.851-04:00 DEBUG 24444 --- [NoLimits] [           main] org.hibernate.mapping.BasicValue         : Skipping column re-registration: productos.nombre
2025-08-11T01:12:07.851-04:00 DEBUG 24444 --- [NoLimits] [           main] o.h.boot.model.internal.PropertyBinder   : Building property nombre
2025-08-11T01:12:07.851-04:00 DEBUG 24444 --- [NoLimits] [           main] o.h.boot.model.internal.AnnotatedColumn  : Binding column: AnnotatedColumn()
2025-08-11T01:12:07.851-04:00 DEBUG 24444 --- [NoLimits] [           main] o.h.boot.model.internal.PropertyBinder   : MetadataSourceProcessor property precio with lazy=false
2025-08-11T01:12:07.851-04:00 DEBUG 24444 --- [NoLimits] [           main] o.h.b.m.internal.AbstractPropertyHolder  : Attempting to locate auto-apply AttributeConverter for property [com.example.NoLimits.Multimedia.model.ProductoModel:precio]
2025-08-11T01:12:07.851-04:00 DEBUG 24444 --- [NoLimits] [           main] o.h.b.model.internal.BasicValueBinder    : building BasicValue for precio
2025-08-11T01:12:07.851-04:00 DEBUG 24444 --- [NoLimits] [           main] org.hibernate.mapping.BasicValue         : Skipping column re-registration: productos.precio
2025-08-11T01:12:07.851-04:00 DEBUG 24444 --- [NoLimits] [           main] o.h.boot.model.internal.PropertyBinder   : Building property precio
2025-08-11T01:12:07.851-04:00 DEBUG 24444 --- [NoLimits] [           main] o.h.boot.model.internal.AnnotatedColumn  : Binding column: AnnotatedJoinColumn(column='tipo_producto_id')
2025-08-11T01:12:07.851-04:00 DEBUG 24444 --- [NoLimits] [           main] o.h.boot.model.internal.AnnotatedColumn  : Binding column: AnnotatedColumn()
2025-08-11T01:12:07.851-04:00 DEBUG 24444 --- [NoLimits] [           main] o.h.boot.model.internal.PropertyBinder   : Building property tipoProducto
2025-08-11T01:12:07.851-04:00 DEBUG 24444 --- [NoLimits] [           main] o.h.b.r.c.i.ClassLoaderServiceImpl       : HHH000194: Package not found or no package-info.java: com.example.NoLimits.Multimedia.model
2025-08-11T01:12:07.851-04:00 DEBUG 24444 --- [NoLimits] [           main] o.h.boot.model.internal.EntityBinder     : Binding entity from annotated class: com.example.NoLimits.Multimedia.model.TipoProductoModel
2025-08-11T01:12:07.851-04:00 DEBUG 24444 --- [NoLimits] [           main] o.h.boot.model.internal.EntityBinder     : Import with entity name TipoProductoModel
2025-08-11T01:12:07.851-04:00 DEBUG 24444 --- [NoLimits] [           main] o.h.boot.model.internal.EntityBinder     : Bind entity com.example.NoLimits.Multimedia.model.TipoProductoModel on table tipo_productos
2025-08-11T01:12:07.851-04:00 DEBUG 24444 --- [NoLimits] [           main] o.h.boot.model.internal.AnnotatedColumn  : Binding column: AnnotatedDiscriminatorColumn(column='DTYPE')
2025-08-11T01:12:07.851-04:00 DEBUG 24444 --- [NoLimits] [           main] o.h.boot.model.internal.AnnotatedColumn  : Binding column: AnnotatedColumn()
2025-08-11T01:12:07.851-04:00 DEBUG 24444 --- [NoLimits] [           main] o.h.boot.internal.ClassLoaderAccessImpl  : Not known whether passed class name [com.example.NoLimits.Multimedia.model.TipoProductoModel] is safe
2025-08-11T01:12:07.851-04:00 DEBUG 24444 --- [NoLimits] [           main] o.h.boot.internal.ClassLoaderAccessImpl  : No temp ClassLoader provided; using live ClassLoader for loading potentially unsafe class : com.example.NoLimits.Multimedia.model.TipoProductoModel
2025-08-11T01:12:07.851-04:00 DEBUG 24444 --- [NoLimits] [           main] o.h.boot.model.internal.PropertyBinder   : MetadataSourceProcessor property id with lazy=false
2025-08-11T01:12:07.851-04:00 DEBUG 24444 --- [NoLimits] [           main] o.h.b.m.internal.AbstractPropertyHolder  : Attempting to locate auto-apply AttributeConverter for property [com.example.NoLimits.Multimedia.model.TipoProductoModel:id]
2025-08-11T01:12:07.851-04:00 DEBUG 24444 --- [NoLimits] [           main] o.h.b.model.internal.BasicValueBinder    : building BasicValue for id
2025-08-11T01:12:07.851-04:00 DEBUG 24444 --- [NoLimits] [           main] org.hibernate.mapping.BasicValue         : Skipping column re-registration: tipo_productos.id
2025-08-11T01:12:07.851-04:00 DEBUG 24444 --- [NoLimits] [           main] o.h.boot.model.internal.PropertyBinder   : Building property id
2025-08-11T01:12:07.851-04:00 DEBUG 24444 --- [NoLimits] [           main] o.h.boot.model.internal.BinderHelper     : #makeIdGenerator(BasicValue([Column(id)]), id, identity, , ...)
2025-08-11T01:12:07.851-04:00 DEBUG 24444 --- [NoLimits] [           main] o.h.boot.model.internal.AnnotatedColumn  : Binding column: AnnotatedColumn()
2025-08-11T01:12:07.851-04:00 DEBUG 24444 --- [NoLimits] [           main] o.h.boot.model.internal.PropertyBinder   : MetadataSourceProcessor property activo with lazy=false
2025-08-11T01:12:07.851-04:00 DEBUG 24444 --- [NoLimits] [           main] o.h.b.m.internal.AbstractPropertyHolder  : Attempting to locate auto-apply AttributeConverter for property [com.example.NoLimits.Multimedia.model.TipoProductoModel:activo]
2025-08-11T01:12:07.853-04:00 DEBUG 24444 --- [NoLimits] [           main] o.h.b.model.internal.BasicValueBinder    : building BasicValue for activo
2025-08-11T01:12:07.853-04:00 DEBUG 24444 --- [NoLimits] [           main] org.hibernate.mapping.BasicValue         : Skipping column re-registration: tipo_productos.activo
2025-08-11T01:12:07.853-04:00 DEBUG 24444 --- [NoLimits] [           main] o.h.boot.model.internal.PropertyBinder   : Building property activo
2025-08-11T01:12:07.853-04:00 DEBUG 24444 --- [NoLimits] [           main] o.h.boot.model.internal.AnnotatedColumn  : Binding column: AnnotatedColumn()
2025-08-11T01:12:07.853-04:00 DEBUG 24444 --- [NoLimits] [           main] o.h.boot.model.internal.PropertyBinder   : MetadataSourceProcessor property descripcion with lazy=false
2025-08-11T01:12:07.853-04:00 DEBUG 24444 --- [NoLimits] [           main] o.h.b.m.internal.AbstractPropertyHolder  : Attempting to locate auto-apply AttributeConverter for property [com.example.NoLimits.Multimedia.model.TipoProductoModel:descripcion]
2025-08-11T01:12:07.853-04:00 DEBUG 24444 --- [NoLimits] [           main] o.h.b.model.internal.BasicValueBinder    : building BasicValue for descripcion
2025-08-11T01:12:07.853-04:00 DEBUG 24444 --- [NoLimits] [           main] org.hibernate.mapping.BasicValue         : Skipping column re-registration: tipo_productos.descripcion
2025-08-11T01:12:07.853-04:00 DEBUG 24444 --- [NoLimits] [           main] o.h.boot.model.internal.PropertyBinder   : Building property descripcion
2025-08-11T01:12:07.853-04:00 DEBUG 24444 --- [NoLimits] [           main] o.h.boot.model.internal.AnnotatedColumn  : Binding column: AnnotatedColumn()
2025-08-11T01:12:07.853-04:00 DEBUG 24444 --- [NoLimits] [           main] o.h.boot.model.internal.PropertyBinder   : MetadataSourceProcessor property nombre with lazy=false
2025-08-11T01:12:07.853-04:00 DEBUG 24444 --- [NoLimits] [           main] o.h.b.m.internal.AbstractPropertyHolder  : Attempting to locate auto-apply AttributeConverter for property [com.example.NoLimits.Multimedia.model.TipoProductoModel:nombre]
2025-08-11T01:12:07.853-04:00 DEBUG 24444 --- [NoLimits] [           main] o.h.b.model.internal.BasicValueBinder    : building BasicValue for nombre
2025-08-11T01:12:07.853-04:00 DEBUG 24444 --- [NoLimits] [           main] org.hibernate.mapping.BasicValue         : Skipping column re-registration: tipo_productos.nombre
2025-08-11T01:12:07.853-04:00 DEBUG 24444 --- [NoLimits] [           main] o.h.boot.model.internal.PropertyBinder   : Building property nombre
2025-08-11T01:12:07.853-04:00 DEBUG 24444 --- [NoLimits] [           main] o.h.boot.model.internal.AnnotatedColumn  : Binding column: AnnotatedJoinColumn()
2025-08-11T01:12:07.853-04:00 DEBUG 24444 --- [NoLimits] [           main] o.h.boot.model.internal.AnnotatedColumn  : Binding column: AnnotatedColumn()
2025-08-11T01:12:07.853-04:00 DEBUG 24444 --- [NoLimits] [           main] o.h.boot.model.internal.AnnotatedColumn  : Binding column: IndexColumn(column='productos_ORDER')
2025-08-11T01:12:07.853-04:00 DEBUG 24444 --- [NoLimits] [           main] o.h.boot.model.internal.AnnotatedColumn  : Binding column: AnnotatedColumn()
2025-08-11T01:12:07.853-04:00 DEBUG 24444 --- [NoLimits] [           main] o.h.boot.model.internal.AnnotatedColumn  : Binding column: AnnotatedColumn(column='productos_KEY')
2025-08-11T01:12:07.853-04:00 DEBUG 24444 --- [NoLimits] [           main] o.h.boot.model.internal.AnnotatedColumn  : Binding column: AnnotatedJoinColumn(column='productos_KEY')
2025-08-11T01:12:07.853-04:00 DEBUG 24444 --- [NoLimits] [           main] o.h.boot.model.internal.AnnotatedColumn  : Binding column: AnnotatedJoinColumn()
2025-08-11T01:12:07.853-04:00 DEBUG 24444 --- [NoLimits] [           main] o.h.boot.model.internal.AnnotatedColumn  : Binding column: AnnotatedJoinColumn()
2025-08-11T01:12:07.853-04:00 DEBUG 24444 --- [NoLimits] [           main] o.h.b.model.internal.CollectionBinder    : Collection role: com.example.NoLimits.Multimedia.model.TipoProductoModel.productos
2025-08-11T01:12:07.853-04:00 DEBUG 24444 --- [NoLimits] [           main] o.h.boot.model.internal.PropertyBinder   : Building property productos
2025-08-11T01:12:07.855-04:00 DEBUG 24444 --- [NoLimits] [           main] o.h.b.r.c.i.ClassLoaderServiceImpl       : HHH000194: Package not found or no package-info.java: com.example.NoLimits.Multimedia.model
2025-08-11T01:12:07.855-04:00 DEBUG 24444 --- [NoLimits] [           main] o.h.boot.model.internal.EntityBinder     : Binding entity from annotated class: com.example.NoLimits.Multimedia.model.UsuarioModel
2025-08-11T01:12:07.855-04:00 DEBUG 24444 --- [NoLimits] [           main] o.h.boot.model.internal.EntityBinder     : Import with entity name UsuarioModel
2025-08-11T01:12:07.855-04:00 DEBUG 24444 --- [NoLimits] [           main] o.h.boot.model.internal.EntityBinder     : Bind entity com.example.NoLimits.Multimedia.model.UsuarioModel on table usuarios
2025-08-11T01:12:07.855-04:00 DEBUG 24444 --- [NoLimits] [           main] o.h.boot.model.internal.AnnotatedColumn  : Binding column: AnnotatedDiscriminatorColumn(column='DTYPE')
2025-08-11T01:12:07.856-04:00 DEBUG 24444 --- [NoLimits] [           main] o.h.boot.model.internal.AnnotatedColumn  : Binding column: AnnotatedColumn()
2025-08-11T01:12:07.856-04:00 DEBUG 24444 --- [NoLimits] [           main] o.h.boot.internal.ClassLoaderAccessImpl  : Not known whether passed class name [com.example.NoLimits.Multimedia.model.UsuarioModel] is safe
2025-08-11T01:12:07.856-04:00 DEBUG 24444 --- [NoLimits] [           main] o.h.boot.internal.ClassLoaderAccessImpl  : No temp ClassLoader provided; using live ClassLoader for loading potentially unsafe class : com.example.NoLimits.Multimedia.model.UsuarioModel
2025-08-11T01:12:07.856-04:00 DEBUG 24444 --- [NoLimits] [           main] o.h.boot.model.internal.PropertyBinder   : MetadataSourceProcessor property id with lazy=false
2025-08-11T01:12:07.856-04:00 DEBUG 24444 --- [NoLimits] [           main] o.h.b.m.internal.AbstractPropertyHolder  : Attempting to locate auto-apply AttributeConverter for property [com.example.NoLimits.Multimedia.model.UsuarioModel:id]
2025-08-11T01:12:07.856-04:00 DEBUG 24444 --- [NoLimits] [           main] o.h.b.model.internal.BasicValueBinder    : building BasicValue for id
2025-08-11T01:12:07.856-04:00 DEBUG 24444 --- [NoLimits] [           main] org.hibernate.mapping.BasicValue         : Skipping column re-registration: usuarios.id
2025-08-11T01:12:07.856-04:00 DEBUG 24444 --- [NoLimits] [           main] o.h.boot.model.internal.PropertyBinder   : Building property id
2025-08-11T01:12:07.856-04:00 DEBUG 24444 --- [NoLimits] [           main] o.h.boot.model.internal.BinderHelper     : #makeIdGenerator(BasicValue([Column(id)]), id, identity, , ...)
2025-08-11T01:12:07.856-04:00 DEBUG 24444 --- [NoLimits] [           main] o.h.boot.model.internal.AnnotatedColumn  : Binding column: AnnotatedColumn()
[...]
2025-08-11T01:12:27.488-04:00 DEBUG 24444 --- [NoLimits] [           main] o.h.v.i.e.resolver.TraversableResolvers  : Found jakarta.persistence.Persistence on classpath containing 'getPersistenceUtil'. Assuming JPA 2 environment. Trying to instantiate JPA aware TraversableResolver
2025-08-11T01:12:27.488-04:00 DEBUG 24444 --- [NoLimits] [           main] o.h.v.i.e.resolver.TraversableResolvers  : Instantiated JPA aware TraversableResolver of type org.hibernate.validator.internal.engine.resolver.JPATraversableResolver.
2025-08-11T01:12:27.489-04:00 DEBUG 24444 --- [NoLimits] [           main] .i.e.ValidatorFactoryConfigurationHelper : HV000252: Using org.hibernate.validator.internal.engine.DefaultPropertyNodeNameProvider as property node name provider.
2025-08-11T01:12:27.489-04:00 DEBUG 24444 --- [NoLimits] [           main] .i.e.ValidatorFactoryConfigurationHelper : HV000234: Using org.springframework.validation.beanvalidation.LocaleContextMessageInterpolator as ValidatorFactory-scoped message interpolator.
2025-08-11T01:12:27.489-04:00 DEBUG 24444 --- [NoLimits] [           main] .i.e.ValidatorFactoryConfigurationHelper : HV000234: Using org.hibernate.validator.internal.engine.resolver.JPATraversableResolver as ValidatorFactory-scoped traversable resolver.
2025-08-11T01:12:27.489-04:00 DEBUG 24444 --- [NoLimits] [           main] .i.e.ValidatorFactoryConfigurationHelper : HV000234: Using org.hibernate.validator.internal.util.ExecutableParameterNameProvider as ValidatorFactory-scoped parameter name provider.
2025-08-11T01:12:27.489-04:00 DEBUG 24444 --- [NoLimits] [           main] .i.e.ValidatorFactoryConfigurationHelper : HV000234: Using org.hibernate.validator.internal.engine.DefaultClockProvider as ValidatorFactory-scoped clock provider.
2025-08-11T01:12:27.489-04:00 DEBUG 24444 --- [NoLimits] [           main] .i.e.ValidatorFactoryConfigurationHelper : HV000234: Using org.hibernate.validator.internal.engine.scripting.DefaultScriptEvaluatorFactory as ValidatorFactory-scoped script evaluator factory.
2025-08-11T01:12:27.503-04:00  WARN 24444 --- [NoLimits] [           main] JpaBaseConfiguration$JpaWebConfiguration : spring.jpa.open-in-view is enabled by default. Therefore, database queries may be performed during view rendering. Explicitly configure spring.jpa.open-in-view to disable this warning
2025-08-11T01:12:27.630-04:00  INFO 24444 --- [NoLimits] [           main] c.e.NoLimits.service.VentaServiceTest    : Started VentaServiceTest in 20.192 seconds (process running for 197.29)
2025-08-11T01:12:27.634-04:00 TRACE 24444 --- [NoLimits] [           main] t.a.AnnotationTransactionAttributeSource : Adding transactional method 'com.example.NoLimits.Multimedia.service.VentaService.findAll' with attribute: PROPAGATION_REQUIRED,ISOLATION_DEFAULT
2025-08-11T01:12:27.634-04:00 DEBUG 24444 --- [NoLimits] [           main] o.s.orm.jpa.JpaTransactionManager        : Creating new transaction with name [com.example.NoLimits.Multimedia.service.VentaService.findAll]: PROPAGATION_REQUIRED,ISOLATION_DEFAULT
2025-08-11T01:12:27.634-04:00 DEBUG 24444 --- [NoLimits] [           main] o.s.orm.jpa.JpaTransactionManager        : Opened new EntityManager [SessionImpl(328963989<open>)] for JPA transaction
2025-08-11T01:12:27.634-04:00 DEBUG 24444 --- [NoLimits] [           main] o.h.e.t.internal.TransactionImpl         : On TransactionImpl creation, JpaCompliance#isJpaTransactionComplianceEnabled == false
2025-08-11T01:12:27.634-04:00 DEBUG 24444 --- [NoLimits] [           main] o.h.e.t.internal.TransactionImpl         : begin
2025-08-11T01:12:27.634-04:00 DEBUG 24444 --- [NoLimits] [           main] o.s.orm.jpa.JpaTransactionManager        : Exposing JPA transaction as JDBC [org.springframework.orm.jpa.vendor.HibernateJpaDialect$HibernateConnectionHandle@16a7b925]
2025-08-11T01:12:27.634-04:00 TRACE 24444 --- [NoLimits] [           main] o.s.t.i.TransactionInterceptor           : Getting transaction for [com.example.NoLimits.Multimedia.service.VentaService.findAll]
2025-08-11T01:12:27.634-04:00 TRACE 24444 --- [NoLimits] [           main] o.s.t.i.TransactionInterceptor           : Completing transaction for [com.example.NoLimits.Multimedia.service.VentaService.findAll]
2025-08-11T01:12:27.634-04:00 DEBUG 24444 --- [NoLimits] [           main] o.s.orm.jpa.JpaTransactionManager        : Initiating transaction commit
2025-08-11T01:12:27.634-04:00 DEBUG 24444 --- [NoLimits] [           main] o.s.orm.jpa.JpaTransactionManager        : Committing JPA transaction on EntityManager [SessionImpl(328963989<open>)]
2025-08-11T01:12:27.634-04:00 DEBUG 24444 --- [NoLimits] [           main] o.h.e.t.internal.TransactionImpl         : committing
2025-08-11T01:12:27.635-04:00 DEBUG 24444 --- [NoLimits] [           main] o.s.orm.jpa.JpaTransactionManager        : Closing JPA EntityManager [SessionImpl(328963989<open>)] after transaction
]]></system-out>
  </testcase>
  <testcase name="testSave" classname="com.example.NoLimits.service.VentaServiceTest" time="0.005">
    <system-out><![CDATA[2025-08-11T01:12:27.639-04:00 TRACE 24444 --- [NoLimits] [           main] t.a.AnnotationTransactionAttributeSource : Adding transactional method 'com.example.NoLimits.Multimedia.service.VentaService.save' with attribute: PROPAGATION_REQUIRED,ISOLATION_DEFAULT
2025-08-11T01:12:27.639-04:00 DEBUG 24444 --- [NoLimits] [           main] o.s.orm.jpa.JpaTransactionManager        : Creating new transaction with name [com.example.NoLimits.Multimedia.service.VentaService.save]: PROPAGATION_REQUIRED,ISOLATION_DEFAULT
2025-08-11T01:12:27.639-04:00 DEBUG 24444 --- [NoLimits] [           main] o.s.orm.jpa.JpaTransactionManager        : Opened new EntityManager [SessionImpl(1827301332<open>)] for JPA transaction
2025-08-11T01:12:27.639-04:00 DEBUG 24444 --- [NoLimits] [           main] o.h.e.t.internal.TransactionImpl         : On TransactionImpl creation, JpaCompliance#isJpaTransactionComplianceEnabled == false
2025-08-11T01:12:27.639-04:00 DEBUG 24444 --- [NoLimits] [           main] o.h.e.t.internal.TransactionImpl         : begin
2025-08-11T01:12:27.640-04:00 DEBUG 24444 --- [NoLimits] [           main] o.s.orm.jpa.JpaTransactionManager        : Exposing JPA transaction as JDBC [org.springframework.orm.jpa.vendor.HibernateJpaDialect$HibernateConnectionHandle@414d7b34]
2025-08-11T01:12:27.640-04:00 TRACE 24444 --- [NoLimits] [           main] o.s.t.i.TransactionInterceptor           : Getting transaction for [com.example.NoLimits.Multimedia.service.VentaService.save]
2025-08-11T01:12:27.641-04:00 TRACE 24444 --- [NoLimits] [           main] o.s.t.i.TransactionInterceptor           : Completing transaction for [com.example.NoLimits.Multimedia.service.VentaService.save]
2025-08-11T01:12:27.641-04:00 DEBUG 24444 --- [NoLimits] [           main] o.s.orm.jpa.JpaTransactionManager        : Initiating transaction commit
2025-08-11T01:12:27.641-04:00 DEBUG 24444 --- [NoLimits] [           main] o.s.orm.jpa.JpaTransactionManager        : Committing JPA transaction on EntityManager [SessionImpl(1827301332<open>)]
2025-08-11T01:12:27.641-04:00 DEBUG 24444 --- [NoLimits] [           main] o.h.e.t.internal.TransactionImpl         : committing
2025-08-11T01:12:27.641-04:00 DEBUG 24444 --- [NoLimits] [           main] o.s.orm.jpa.JpaTransactionManager        : Closing JPA EntityManager [SessionImpl(1827301332<open>)] after transaction
]]></system-out>
  </testcase>
  <testcase name="testDeleteById_Existe" classname="com.example.NoLimits.service.VentaServiceTest" time="0.006">
    <system-out><![CDATA[2025-08-11T01:12:27.646-04:00 TRACE 24444 --- [NoLimits] [           main] t.a.AnnotationTransactionAttributeSource : Adding transactional method 'com.example.NoLimits.Multimedia.service.VentaService.deleteById' with attribute: PROPAGATION_REQUIRED,ISOLATION_DEFAULT
2025-08-11T01:12:27.647-04:00 DEBUG 24444 --- [NoLimits] [           main] o.s.orm.jpa.JpaTransactionManager        : Creating new transaction with name [com.example.NoLimits.Multimedia.service.VentaService.deleteById]: PROPAGATION_REQUIRED,ISOLATION_DEFAULT
2025-08-11T01:12:27.647-04:00 DEBUG 24444 --- [NoLimits] [           main] o.s.orm.jpa.JpaTransactionManager        : Opened new EntityManager [SessionImpl(808836822<open>)] for JPA transaction
2025-08-11T01:12:27.647-04:00 DEBUG 24444 --- [NoLimits] [           main] o.h.e.t.internal.TransactionImpl         : On TransactionImpl creation, JpaCompliance#isJpaTransactionComplianceEnabled == false
2025-08-11T01:12:27.647-04:00 DEBUG 24444 --- [NoLimits] [           main] o.h.e.t.internal.TransactionImpl         : begin
2025-08-11T01:12:27.648-04:00 DEBUG 24444 --- [NoLimits] [           main] o.s.orm.jpa.JpaTransactionManager        : Exposing JPA transaction as JDBC [org.springframework.orm.jpa.vendor.HibernateJpaDialect$HibernateConnectionHandle@156873a4]
2025-08-11T01:12:27.648-04:00 TRACE 24444 --- [NoLimits] [           main] o.s.t.i.TransactionInterceptor           : Getting transaction for [com.example.NoLimits.Multimedia.service.VentaService.deleteById]
2025-08-11T01:12:27.648-04:00 TRACE 24444 --- [NoLimits] [           main] o.s.t.i.TransactionInterceptor           : Completing transaction for [com.example.NoLimits.Multimedia.service.VentaService.deleteById]
2025-08-11T01:12:27.648-04:00 DEBUG 24444 --- [NoLimits] [           main] o.s.orm.jpa.JpaTransactionManager        : Initiating transaction commit
2025-08-11T01:12:27.648-04:00 DEBUG 24444 --- [NoLimits] [           main] o.s.orm.jpa.JpaTransactionManager        : Committing JPA transaction on EntityManager [SessionImpl(808836822<open>)]
2025-08-11T01:12:27.648-04:00 DEBUG 24444 --- [NoLimits] [           main] o.h.e.t.internal.TransactionImpl         : committing
2025-08-11T01:12:27.649-04:00 DEBUG 24444 --- [NoLimits] [           main] o.s.orm.jpa.JpaTransactionManager        : Closing JPA EntityManager [SessionImpl(808836822<open>)] after transaction
]]></system-out>
  </testcase>
  <testcase name="testFindById" classname="com.example.NoLimits.service.VentaServiceTest" time="0.004">
    <system-out><![CDATA[2025-08-11T01:12:27.652-04:00 TRACE 24444 --- [NoLimits] [           main] t.a.AnnotationTransactionAttributeSource : Adding transactional method 'com.example.NoLimits.Multimedia.service.VentaService.findById' with attribute: PROPAGATION_REQUIRED,ISOLATION_DEFAULT
2025-08-11T01:12:27.652-04:00 DEBUG 24444 --- [NoLimits] [           main] o.s.orm.jpa.JpaTransactionManager        : Creating new transaction with name [com.example.NoLimits.Multimedia.service.VentaService.findById]: PROPAGATION_REQUIRED,ISOLATION_DEFAULT
2025-08-11T01:12:27.652-04:00 DEBUG 24444 --- [NoLimits] [           main] o.s.orm.jpa.JpaTransactionManager        : Opened new EntityManager [SessionImpl(881300195<open>)] for JPA transaction
2025-08-11T01:12:27.652-04:00 DEBUG 24444 --- [NoLimits] [           main] o.h.e.t.internal.TransactionImpl         : On TransactionImpl creation, JpaCompliance#isJpaTransactionComplianceEnabled == false
2025-08-11T01:12:27.652-04:00 DEBUG 24444 --- [NoLimits] [           main] o.h.e.t.internal.TransactionImpl         : begin
2025-08-11T01:12:27.653-04:00 DEBUG 24444 --- [NoLimits] [           main] o.s.orm.jpa.JpaTransactionManager        : Exposing JPA transaction as JDBC [org.springframework.orm.jpa.vendor.HibernateJpaDialect$HibernateConnectionHandle@72594e59]
2025-08-11T01:12:27.653-04:00 TRACE 24444 --- [NoLimits] [           main] o.s.t.i.TransactionInterceptor           : Getting transaction for [com.example.NoLimits.Multimedia.service.VentaService.findById]
2025-08-11T01:12:27.653-04:00 TRACE 24444 --- [NoLimits] [           main] o.s.t.i.TransactionInterceptor           : Completing transaction for [com.example.NoLimits.Multimedia.service.VentaService.findById]
2025-08-11T01:12:27.653-04:00 DEBUG 24444 --- [NoLimits] [           main] o.s.orm.jpa.JpaTransactionManager        : Initiating transaction commit
2025-08-11T01:12:27.653-04:00 DEBUG 24444 --- [NoLimits] [           main] o.s.orm.jpa.JpaTransactionManager        : Committing JPA transaction on EntityManager [SessionImpl(881300195<open>)]
2025-08-11T01:12:27.653-04:00 DEBUG 24444 --- [NoLimits] [           main] o.h.e.t.internal.TransactionImpl         : committing
2025-08-11T01:12:27.655-04:00 DEBUG 24444 --- [NoLimits] [           main] o.s.orm.jpa.JpaTransactionManager        : Closing JPA EntityManager [SessionImpl(881300195<open>)] after transaction
]]></system-out>
  </testcase>
  <testcase name="testFindById_NoExiste" classname="com.example.NoLimits.service.VentaServiceTest" time="0.005">
    <system-out><![CDATA[2025-08-11T01:12:27.658-04:00 DEBUG 24444 --- [NoLimits] [           main] o.s.orm.jpa.JpaTransactionManager        : Creating new transaction with name [com.example.NoLimits.Multimedia.service.VentaService.findById]: PROPAGATION_REQUIRED,ISOLATION_DEFAULT
2025-08-11T01:12:27.659-04:00 DEBUG 24444 --- [NoLimits] [           main] o.s.orm.jpa.JpaTransactionManager        : Opened new EntityManager [SessionImpl(843045872<open>)] for JPA transaction
2025-08-11T01:12:27.659-04:00 DEBUG 24444 --- [NoLimits] [           main] o.h.e.t.internal.TransactionImpl         : On TransactionImpl creation, JpaCompliance#isJpaTransactionComplianceEnabled == false
2025-08-11T01:12:27.659-04:00 DEBUG 24444 --- [NoLimits] [           main] o.h.e.t.internal.TransactionImpl         : begin
2025-08-11T01:12:27.659-04:00 DEBUG 24444 --- [NoLimits] [           main] o.s.orm.jpa.JpaTransactionManager        : Exposing JPA transaction as JDBC [org.springframework.orm.jpa.vendor.HibernateJpaDialect$HibernateConnectionHandle@a2c6068]
2025-08-11T01:12:27.659-04:00 TRACE 24444 --- [NoLimits] [           main] o.s.t.i.TransactionInterceptor           : Getting transaction for [com.example.NoLimits.Multimedia.service.VentaService.findById]
2025-08-11T01:12:27.659-04:00 TRACE 24444 --- [NoLimits] [           main] o.s.t.i.TransactionInterceptor           : Completing transaction for [com.example.NoLimits.Multimedia.service.VentaService.findById] after exception: com.example.NoLimits.Multimedia._exceptions.RecursoNoEncontradoException: Venta no encontrada con ID: 99
2025-08-11T01:12:27.659-04:00 DEBUG 24444 --- [NoLimits] [           main] o.s.orm.jpa.JpaTransactionManager        : Initiating transaction rollback
2025-08-11T01:12:27.659-04:00 DEBUG 24444 --- [NoLimits] [           main] o.s.orm.jpa.JpaTransactionManager        : Rolling back JPA transaction on EntityManager [SessionImpl(843045872<open>)]
2025-08-11T01:12:27.659-04:00 DEBUG 24444 --- [NoLimits] [           main] o.h.e.t.internal.TransactionImpl         : rolling back
2025-08-11T01:12:27.660-04:00 DEBUG 24444 --- [NoLimits] [           main] o.s.orm.jpa.JpaTransactionManager        : Closing JPA EntityManager [SessionImpl(843045872<open>)] after transaction
]]></system-out>
  </testcase>
  <testcase name="testPatchVenta" classname="com.example.NoLimits.service.VentaServiceTest" time="0.005">
    <system-out><![CDATA[2025-08-11T01:12:27.664-04:00 TRACE 24444 --- [NoLimits] [           main] t.a.AnnotationTransactionAttributeSource : Adding transactional method 'com.example.NoLimits.Multimedia.service.VentaService.patchVentaModel' with attribute: PROPAGATION_REQUIRED,ISOLATION_DEFAULT
2025-08-11T01:12:27.664-04:00 DEBUG 24444 --- [NoLimits] [           main] o.s.orm.jpa.JpaTransactionManager        : Creating new transaction with name [com.example.NoLimits.Multimedia.service.VentaService.patchVentaModel]: PROPAGATION_REQUIRED,ISOLATION_DEFAULT
2025-08-11T01:12:27.664-04:00 DEBUG 24444 --- [NoLimits] [           main] o.s.orm.jpa.JpaTransactionManager        : Opened new EntityManager [SessionImpl(1092551416<open>)] for JPA transaction
2025-08-11T01:12:27.664-04:00 DEBUG 24444 --- [NoLimits] [           main] o.h.e.t.internal.TransactionImpl         : On TransactionImpl creation, JpaCompliance#isJpaTransactionComplianceEnabled == false
2025-08-11T01:12:27.664-04:00 DEBUG 24444 --- [NoLimits] [           main] o.h.e.t.internal.TransactionImpl         : begin
2025-08-11T01:12:27.665-04:00 DEBUG 24444 --- [NoLimits] [           main] o.s.orm.jpa.JpaTransactionManager        : Exposing JPA transaction as JDBC [org.springframework.orm.jpa.vendor.HibernateJpaDialect$HibernateConnectionHandle@db3b170]
2025-08-11T01:12:27.665-04:00 TRACE 24444 --- [NoLimits] [           main] o.s.t.i.TransactionInterceptor           : Getting transaction for [com.example.NoLimits.Multimedia.service.VentaService.patchVentaModel]
2025-08-11T01:12:27.665-04:00 TRACE 24444 --- [NoLimits] [           main] o.s.t.i.TransactionInterceptor           : Completing transaction for [com.example.NoLimits.Multimedia.service.VentaService.patchVentaModel]
2025-08-11T01:12:27.666-04:00 DEBUG 24444 --- [NoLimits] [           main] o.s.orm.jpa.JpaTransactionManager        : Initiating transaction commit
2025-08-11T01:12:27.666-04:00 DEBUG 24444 --- [NoLimits] [           main] o.s.orm.jpa.JpaTransactionManager        : Committing JPA transaction on EntityManager [SessionImpl(1092551416<open>)]
2025-08-11T01:12:27.666-04:00 DEBUG 24444 --- [NoLimits] [           main] o.h.e.t.internal.TransactionImpl         : committing
2025-08-11T01:12:27.666-04:00 DEBUG 24444 --- [NoLimits] [           main] o.s.orm.jpa.JpaTransactionManager        : Closing JPA EntityManager [SessionImpl(1092551416<open>)] after transaction
]]></system-out>
  </testcase>
  <testcase name="testDeleteById_NoExiste" classname="com.example.NoLimits.service.VentaServiceTest" time="0.004">
    <system-out><![CDATA[2025-08-11T01:12:27.670-04:00 DEBUG 24444 --- [NoLimits] [           main] o.s.orm.jpa.JpaTransactionManager        : Creating new transaction with name [com.example.NoLimits.Multimedia.service.VentaService.deleteById]: PROPAGATION_REQUIRED,ISOLATION_DEFAULT
2025-08-11T01:12:27.670-04:00 DEBUG 24444 --- [NoLimits] [           main] o.s.orm.jpa.JpaTransactionManager        : Opened new EntityManager [SessionImpl(1348886991<open>)] for JPA transaction
2025-08-11T01:12:27.670-04:00 DEBUG 24444 --- [NoLimits] [           main] o.h.e.t.internal.TransactionImpl         : On TransactionImpl creation, JpaCompliance#isJpaTransactionComplianceEnabled == false
2025-08-11T01:12:27.670-04:00 DEBUG 24444 --- [NoLimits] [           main] o.h.e.t.internal.TransactionImpl         : begin
2025-08-11T01:12:27.670-04:00 DEBUG 24444 --- [NoLimits] [           main] o.s.orm.jpa.JpaTransactionManager        : Exposing JPA transaction as JDBC [org.springframework.orm.jpa.vendor.HibernateJpaDialect$HibernateConnectionHandle@69d7b1f9]
2025-08-11T01:12:27.670-04:00 TRACE 24444 --- [NoLimits] [           main] o.s.t.i.TransactionInterceptor           : Getting transaction for [com.example.NoLimits.Multimedia.service.VentaService.deleteById]
2025-08-11T01:12:27.671-04:00 TRACE 24444 --- [NoLimits] [           main] o.s.t.i.TransactionInterceptor           : Completing transaction for [com.example.NoLimits.Multimedia.service.VentaService.deleteById] after exception: com.example.NoLimits.Multimedia._exceptions.RecursoNoEncontradoException: Venta no encontrada con ID: 99
2025-08-11T01:12:27.671-04:00 DEBUG 24444 --- [NoLimits] [           main] o.s.orm.jpa.JpaTransactionManager        : Initiating transaction rollback
2025-08-11T01:12:27.671-04:00 DEBUG 24444 --- [NoLimits] [           main] o.s.orm.jpa.JpaTransactionManager        : Rolling back JPA transaction on EntityManager [SessionImpl(1348886991<open>)]
2025-08-11T01:12:27.671-04:00 DEBUG 24444 --- [NoLimits] [           main] o.h.e.t.internal.TransactionImpl         : rolling back
2025-08-11T01:12:27.671-04:00 DEBUG 24444 --- [NoLimits] [           main] o.s.orm.jpa.JpaTransactionManager        : Closing JPA EntityManager [SessionImpl(1348886991<open>)] after transaction
]]></system-out>
  </testcase>
</testsuite>